2026-04-15 09:27:51 - ===============================================
2026-04-15 09:27:51 - START NEW DEPLOYMENT RUN
2026-04-15 09:27:51 - DATABASE: DB5
2026-04-15 09:27:51 - ===============================================
2026-04-15 09:27:51 - Processing Folder: 01_Tables
2026-04-15 09:27:51 - Executing 00_dbo.DatabaseLog.Table.sql...
2026-04-15 09:27:52 - Changed database context to 'DB5'.
Msg 102, Level 15, State 1, Server SUJATAJADHAV, Line 12
Incorrect syntax near 'END'.

2026-04-15 09:27:52 - ERROR: Changed database context to 'DB5'.
Msg 102, Level 15, State 1, Server SUJATAJADHAV, Line 12
Incorrect syntax near 'END'.

2026-04-15 09:36:08 - ===============================================
2026-04-15 09:36:08 - START NEW DEPLOYMENT RUN
2026-04-15 09:36:08 - DATABASE: DB5
2026-04-15 09:36:08 - ===============================================
2026-04-15 09:36:08 - Processing Folder: 01_Tables
2026-04-15 09:36:08 - Executing 00_dbo.DatabaseLog.Table.sql...
2026-04-15 09:36:09 - Changed database context to 'DB5'.
Msg 102, Level 15, State 1, Server SUJATAJADHAV, Line 12
Incorrect syntax near 'END'.

2026-04-15 09:36:09 - ERROR: Changed database context to 'DB5'.
Msg 102, Level 15, State 1, Server SUJATAJADHAV, Line 12
Incorrect syntax near 'END'.

2026-04-15 10:03:20 - ===== START: DB5 =====
2026-04-15 10:03:20 - Processing Folder: 01_Tables
2026-04-15 10:03:20 - Executing 00_dbo.DatabaseLog.Table.sql...
2026-04-15 10:03:21 - Msg 102, Level 15, State 1, Server SUJATAJADHAV, Line 14
Incorrect syntax near 'END'.

2026-04-15 10:03:21 - ERROR: Msg 102, Level 15, State 1, Server SUJATAJADHAV, Line 14
Incorrect syntax near 'END'.

2026-04-15 10:15:18 - ===== START: DB5 =====
2026-04-15 10:15:18 - Processing Folder: 01_Tables
2026-04-15 10:15:19 - Executing 00_dbo.DatabaseLog.Table.sql...
2026-04-15 10:15:20 - Msg 102, Level 15, State 1, Server SUJATAJADHAV, Line 14
Incorrect syntax near 'END'.

2026-04-15 10:15:20 - ERROR: Msg 102, Level 15, State 1, Server SUJATAJADHAV, Line 14
Incorrect syntax near 'END'.

2026-04-15 10:21:25 - ===== START: DB5 =====
2026-04-15 10:21:25 - Processing Folder: 01_Tables
2026-04-15 10:21:26 - Executing 00_dbo.DatabaseLog.Table.sql...
2026-04-15 10:21:26 - Msg 102, Level 15, State 1, Server SUJATAJADHAV, Line 14
Incorrect syntax near 'END'.

2026-04-15 10:21:26 - ERROR: Msg 102, Level 15, State 1, Server SUJATAJADHAV, Line 14
Incorrect syntax near 'END'.

2026-04-15 10:31:30 - ===== START: DB5 =====
2026-04-15 10:31:30 - Processing Folder: 01_Tables
2026-04-15 10:31:30 - Executing 00_dbo.DatabaseLog.Table.sql...
2026-04-15 10:31:30 - Msg 102, Level 15, State 1, Server SUJATAJADHAV, Line 14
Incorrect syntax near 'END'.

2026-04-15 10:31:30 - ERROR: Msg 102, Level 15, State 1, Server SUJATAJADHAV, Line 14
Incorrect syntax near 'END'.

2026-04-15 10:35:24 - ===== START: DB5 =====
2026-04-15 10:35:24 - Processing Folder: 01_Tables
2026-04-15 10:35:24 - Executing 00_dbo.DatabaseLog.Table.sql...
2026-04-15 10:35:24 - Msg 102, Level 15, State 1, Server SUJATAJADHAV, Line 14
Incorrect syntax near 'END'.

2026-04-15 10:35:24 - ERROR: Msg 102, Level 15, State 1, Server SUJATAJADHAV, Line 14
Incorrect syntax near 'END'.

2026-04-15 10:53:04 - ===== START: DB5 =====
2026-04-15 10:53:04 - Processing Folder: 01_Tables
2026-04-15 10:53:04 - Executing 00_dbo.DatabaseLog.Table.sql...
2026-04-15 10:53:05 - Msg 102, Level 15, State 1, Server SUJATAJADHAV, Line 14
Incorrect syntax near 'END'.

2026-04-15 10:53:05 - ERROR: Msg 102, Level 15, State 1, Server SUJATAJADHAV, Line 14
Incorrect syntax near 'END'.

2026-04-15 10:57:59 - ===== START: DB5 =====
2026-04-15 10:57:59 - Processing Folder: 01_Tables
2026-04-15 10:57:59 - Executing 00_dbo.DatabaseLog.Table.sql...
2026-04-15 10:57:59 - Msg 102, Level 15, State 1, Server SUJATAJADHAV, Line 14
Incorrect syntax near 'END'.

2026-04-15 10:57:59 - ERROR: Msg 102, Level 15, State 1, Server SUJATAJADHAV, Line 14
Incorrect syntax near 'END'.

2026-04-15 11:01:56 - ===== START: DB5 =====
2026-04-15 11:01:56 - Processing Folder: 01_Tables
2026-04-15 11:01:56 - Executing 00_dbo.DatabaseLog.Table.sql...
2026-04-15 11:01:56 - Msg 102, Level 15, State 1, Server SUJATAJADHAV, Line 14
Incorrect syntax near 'END'.

2026-04-15 11:01:56 - ERROR: Msg 102, Level 15, State 1, Server SUJATAJADHAV, Line 14
Incorrect syntax near 'END'.

2026-04-15 22:52:38 - ===== START: DB5 =====
2026-04-15 22:52:39 - Processing Folder: 01_Tables
2026-04-15 22:52:39 - Executing 00_dbo.DatabaseLog.Table.sql...
2026-04-15 22:52:39 - Msg 102, Level 15, State 1, Server SUJATAJADHAV, Line 14
Incorrect syntax near 'END'.

2026-04-15 22:52:39 - ERROR: Msg 102, Level 15, State 1, Server SUJATAJADHAV, Line 14
Incorrect syntax near 'END'.

