2026-04-11 23:24:47 - ===== START: DB6 =====
2026-04-11 23:24:47 - Processing Folder: 01_Tables
2026-04-11 23:24:47 - ===== FAILED: DB6 =====
2026-04-11 23:24:47 - Error: You cannot call a method on a null-valued expression.
2026-04-11 23:26:55 - ===== START: DB6 =====
2026-04-11 23:26:55 - Processing Folder: 01_Tables
2026-04-11 23:26:56 - Executing dbo.FactProductInventory.Table.sql Version Msg 207, Level 16, State 1, Server SUJATAJADHAV, Line 1
Invalid column name 'ScriptVersion'.
2026-04-11 23:26:56 - Validation Passed: C:\ESD\sql-ci-cd\01_Tables\dbo.FactProductInventory.Table.sql
2026-04-11 23:26:56 - Executing dbo.FactProductInventory.Table.sql...
2026-04-11 23:26:56 - dbo.FactProductInventory.Table.sql executed in 0.1255338 sec
2026-04-11 23:26:56 - Rolling back script: dbo.FactProductInventory.Table.sql
2026-04-11 23:26:57 - Rollback completed for dbo.FactProductInventory.Table.sql
2026-04-11 23:26:57 - ===== FAILED: DB6 =====
2026-04-11 23:26:57 - Error: Error executing dbo.FactProductInventory.Table.sql
2026-04-11 23:32:01 - ===== START: DB6 =====
2026-04-11 23:32:01 - Processing Folder: 01_Tables
2026-04-11 23:32:02 - Executing dbo.FactProductInventory.Table.sql Version 1

(1 rows affected)
2026-04-11 23:32:02 - Validation Passed: C:\ESD\sql-ci-cd\01_Tables\dbo.FactProductInventory.Table.sql
2026-04-11 23:32:02 - Executing dbo.FactProductInventory.Table.sql...
2026-04-11 23:32:02 - dbo.FactProductInventory.Table.sql executed in 0.1257664 sec
2026-04-11 23:32:02 - Rolling back script: dbo.FactProductInventory.Table.sql
2026-04-11 23:32:03 - Rollback completed for dbo.FactProductInventory.Table.sql
2026-04-11 23:32:03 - ===== FAILED: DB6 =====
2026-04-11 23:32:03 - Error: Error executing dbo.FactProductInventory.Table.sql
2026-04-11 23:41:08 - ===== START: DB6 =====
2026-04-11 23:41:08 - Processing Folder: 01_Tables
2026-04-11 23:41:09 - Validation Passed: C:\ESD\sql-ci-cd\01_Tables\dbo.FactProductInventory.Table.sql
2026-04-11 23:41:09 - Executing dbo.FactProductInventory.Table.sql...
2026-04-11 23:41:09 - dbo.FactProductInventory.Table.sql executed in 0.1292093 sec
2026-04-11 23:41:09 - Rolling back script: dbo.FactProductInventory.Table.sql
2026-04-11 23:41:09 - Rollback completed for dbo.FactProductInventory.Table.sql
2026-04-11 23:41:09 - ===== FAILED: DB6 =====
2026-04-11 23:41:09 - Error: Error executing dbo.FactProductInventory.Table.sql
2026-04-11 23:43:25 - ===== START: DB6 =====
2026-04-11 23:43:25 - Processing Folder: 01_Tables
2026-04-11 23:43:26 - Validation Passed: C:\ESD\sql-ci-cd\01_Tables\dbo.FactProductInventory.Table.sql
2026-04-11 23:43:26 - Executing dbo.FactProductInventory.Table.sql...
2026-04-11 23:43:26 - dbo.FactProductInventory.Table.sql executed in 0.1422203 sec
2026-04-11 23:43:26 - Rolling back script: dbo.FactProductInventory.Table.sql
2026-04-11 23:43:26 - Rollback completed for dbo.FactProductInventory.Table.sql
2026-04-11 23:43:26 - ===== FAILED: DB6 =====
2026-04-11 23:43:26 - Error: Error executing dbo.FactProductInventory.Table.sql
2026-04-11 23:50:00 - ===== START: DB6 =====
2026-04-11 23:50:00 - Processing Folder: 01_Tables
2026-04-11 23:50:00 - Validation Passed: C:\ESD\sql-ci-cd\01_Tables\dbo.FactInternetSales.Table.sql
2026-04-11 23:50:00 - Executing dbo.FactInternetSales.Table.sql...
2026-04-11 23:50:01 - dbo.FactInternetSales.Table.sql executed in 0.1275564 sec
2026-04-11 23:50:01 - Rolling back script: dbo.FactInternetSales.Table.sql
2026-04-11 23:50:01 - Rollback completed for dbo.FactInternetSales.Table.sql
2026-04-11 23:50:01 - ===== FAILED: DB6 =====
2026-04-11 23:50:01 - Error: Error executing dbo.FactInternetSales.Table.sql
2026-04-11 23:55:28 - ===== START: DB6 =====
2026-04-11 23:55:29 - Processing Folder: 01_Tables
2026-04-11 23:55:29 - Validation Passed: C:\ESD\sql-ci-cd\01_Tables\dbo.FactInternetSales.Table.sql
2026-04-11 23:55:29 - Executing dbo.FactInternetSales.Table.sql...
2026-04-11 23:55:29 - dbo.FactInternetSales.Table.sql executed in 0.0960566 sec
2026-04-11 23:55:29 - Completed dbo.FactInternetSales.Table.sql 
2026-04-11 23:55:29 - Validation Passed: C:\ESD\sql-ci-cd\01_Tables\dbo.FactFinance.Table.sql
2026-04-11 23:55:29 - Executing dbo.FactFinance.Table.sql...
2026-04-11 23:55:29 - dbo.FactFinance.Table.sql executed in 0.0523393 sec
2026-04-11 23:55:29 - Completed dbo.FactFinance.Table.sql 
2026-04-11 23:55:29 - Validation Passed: C:\ESD\sql-ci-cd\01_Tables\dbo.FactResellerSales.Table.sql
2026-04-11 23:55:29 - Executing dbo.FactResellerSales.Table.sql...
2026-04-11 23:55:29 - dbo.FactResellerSales.Table.sql executed in 0.0896131 sec
2026-04-11 23:55:29 - Completed dbo.FactResellerSales.Table.sql 
2026-04-11 23:55:30 - Validation Passed: C:\ESD\sql-ci-cd\01_Tables\dbo.FactProductInventory.Table.sql
2026-04-11 23:55:30 - Executing dbo.FactProductInventory.Table.sql...
2026-04-11 23:55:30 - dbo.FactProductInventory.Table.sql executed in 0.0946814 sec
2026-04-11 23:55:30 - Completed dbo.FactProductInventory.Table.sql 
2026-04-11 23:55:30 - Validation Passed: C:\ESD\sql-ci-cd\01_Tables\dbo.FactAdditionalInternationalProductDescription.Table.sql
2026-04-11 23:55:30 - Executing dbo.FactAdditionalInternationalProductDescription.Table.sql...
2026-04-11 23:55:30 - dbo.FactAdditionalInternationalProductDescription.Table.sql executed in 0.1020951 sec
2026-04-11 23:55:30 - Completed dbo.FactAdditionalInternationalProductDescription.Table.sql 
2026-04-11 23:55:30 - Validation Passed: C:\ESD\sql-ci-cd\01_Tables\dbo.DimScenario.Table.sql
2026-04-11 23:55:30 - Executing dbo.DimScenario.Table.sql...
2026-04-11 23:55:30 - dbo.DimScenario.Table.sql executed in 0.0933129 sec
2026-04-11 23:55:30 - Completed dbo.DimScenario.Table.sql 
2026-04-11 23:55:30 - Validation Passed: C:\ESD\sql-ci-cd\01_Tables\dbo.FactCurrencyRate.Table.sql
2026-04-11 23:55:30 - Executing dbo.FactCurrencyRate.Table.sql...
2026-04-11 23:55:31 - dbo.FactCurrencyRate.Table.sql executed in 0.096745 sec
2026-04-11 23:55:31 - Completed dbo.FactCurrencyRate.Table.sql 
2026-04-11 23:55:31 - Validation Passed: C:\ESD\sql-ci-cd\01_Tables\dbo.FactCallCenter.Table.sql
2026-04-11 23:55:31 - Executing dbo.FactCallCenter.Table.sql...
2026-04-11 23:55:31 - dbo.FactCallCenter.Table.sql executed in 0.0952533 sec
2026-04-11 23:55:31 - Completed dbo.FactCallCenter.Table.sql 
2026-04-11 23:55:31 - Validation Passed: C:\ESD\sql-ci-cd\01_Tables\dbo.FactSalesQuota.Table.sql
2026-04-11 23:55:31 - Executing dbo.FactSalesQuota.Table.sql...
2026-04-11 23:55:31 - dbo.FactSalesQuota.Table.sql executed in 0.0969378 sec
2026-04-11 23:55:31 - Completed dbo.FactSalesQuota.Table.sql 
2026-04-11 23:55:31 - Validation Passed: C:\ESD\sql-ci-cd\01_Tables\dbo.tblDepartment.Table.sql
2026-04-11 23:55:31 - Executing dbo.tblDepartment.Table.sql...
2026-04-11 23:55:31 - dbo.tblDepartment.Table.sql executed in 0.0888597 sec
2026-04-11 23:55:31 - Completed dbo.tblDepartment.Table.sql 
2026-04-11 23:55:31 - Validation Passed: C:\ESD\sql-ci-cd\01_Tables\dbo.SQLServerTable.Table.sql
2026-04-11 23:55:31 - Executing dbo.SQLServerTable.Table.sql...
2026-04-11 23:55:32 - dbo.SQLServerTable.Table.sql executed in 0.0569317 sec
2026-04-11 23:55:32 - Completed dbo.SQLServerTable.Table.sql 
2026-04-11 23:55:32 - Validation Passed: C:\ESD\sql-ci-cd\01_Tables\dbo.tblTransaction.Table.sql
2026-04-11 23:55:32 - Executing dbo.tblTransaction.Table.sql...
2026-04-11 23:55:32 - dbo.tblTransaction.Table.sql executed in 0.0926463 sec
2026-04-11 23:55:32 - Completed dbo.tblTransaction.Table.sql 
2026-04-11 23:55:32 - Validation Passed: C:\ESD\sql-ci-cd\01_Tables\dbo.tblEmployee.Table.sql
2026-04-11 23:55:32 - Executing dbo.tblEmployee.Table.sql...
2026-04-11 23:55:32 - dbo.tblEmployee.Table.sql executed in 0.0929975 sec
2026-04-11 23:55:32 - Completed dbo.tblEmployee.Table.sql 
2026-04-11 23:55:32 - Validation Passed: C:\ESD\sql-ci-cd\01_Tables\dbo.NewFactCurrencyRate.Table.sql
2026-04-11 23:55:32 - Executing dbo.NewFactCurrencyRate.Table.sql...
2026-04-11 23:55:32 - dbo.NewFactCurrencyRate.Table.sql executed in 0.0976405 sec
2026-04-11 23:55:32 - Completed dbo.NewFactCurrencyRate.Table.sql 
2026-04-11 23:55:33 - Validation Passed: C:\ESD\sql-ci-cd\01_Tables\dbo.FactSurveyResponse.Table.sql
2026-04-11 23:55:33 - Executing dbo.FactSurveyResponse.Table.sql...
2026-04-11 23:55:33 - dbo.FactSurveyResponse.Table.sql executed in 0.1198991 sec
2026-04-11 23:55:33 - Completed dbo.FactSurveyResponse.Table.sql 
2026-04-11 23:55:33 - Validation Passed: C:\ESD\sql-ci-cd\01_Tables\dbo.Prospects.Table.sql
2026-04-11 23:55:33 - Executing dbo.Prospects.Table.sql...
2026-04-11 23:55:33 - dbo.Prospects.Table.sql executed in 0.0949009 sec
2026-04-11 23:55:33 - Completed dbo.Prospects.Table.sql 
2026-04-11 23:55:33 - Validation Passed: C:\ESD\sql-ci-cd\01_Tables\dbo.ProspectiveBuyer.Table.sql
2026-04-11 23:55:33 - Executing dbo.ProspectiveBuyer.Table.sql...
2026-04-11 23:55:33 - dbo.ProspectiveBuyer.Table.sql executed in 0.1000698 sec
2026-04-11 23:55:33 - Completed dbo.ProspectiveBuyer.Table.sql 
2026-04-11 23:55:33 - Validation Passed: C:\ESD\sql-ci-cd\01_Tables\dbo.DimDepartmentGroup.Table.sql
2026-04-11 23:55:33 - Executing dbo.DimDepartmentGroup.Table.sql...
2026-04-11 23:55:33 - dbo.DimDepartmentGroup.Table.sql executed in 0.0933413 sec
2026-04-11 23:55:33 - Completed dbo.DimDepartmentGroup.Table.sql 
2026-04-11 23:55:34 - Validation Passed: C:\ESD\sql-ci-cd\01_Tables\dbo.DimDate.Table.sql
2026-04-11 23:55:34 - Executing dbo.DimDate.Table.sql...
2026-04-11 23:55:34 - dbo.DimDate.Table.sql executed in 0.0676379 sec
2026-04-11 23:55:34 - Completed dbo.DimDate.Table.sql 
2026-04-11 23:55:34 - Validation Passed: C:\ESD\sql-ci-cd\01_Tables\dbo.DimGeography.Table.sql
2026-04-11 23:55:34 - Executing dbo.DimGeography.Table.sql...
2026-04-11 23:55:34 - dbo.DimGeography.Table.sql executed in 0.1014346 sec
2026-04-11 23:55:34 - Completed dbo.DimGeography.Table.sql 
2026-04-11 23:55:34 - Validation Passed: C:\ESD\sql-ci-cd\01_Tables\dbo.DimEmployee.Table.sql
2026-04-11 23:55:34 - Executing dbo.DimEmployee.Table.sql...
2026-04-11 23:55:34 - dbo.DimEmployee.Table.sql executed in 0.0939314 sec
2026-04-11 23:55:34 - Completed dbo.DimEmployee.Table.sql 
2026-04-11 23:55:34 - Validation Passed: C:\ESD\sql-ci-cd\01_Tables\dbo.DimAccount.Table.sql
2026-04-11 23:55:34 - Executing dbo.DimAccount.Table.sql...
2026-04-11 23:55:34 - dbo.DimAccount.Table.sql executed in 0.1008286 sec
2026-04-11 23:55:35 - Completed dbo.DimAccount.Table.sql 
2026-04-11 23:55:35 - Validation Passed: C:\ESD\sql-ci-cd\01_Tables\dbo.AdventureWorksDWBuildVersion.Table.sql
2026-04-11 23:55:35 - Executing dbo.AdventureWorksDWBuildVersion.Table.sql...
2026-04-11 23:55:35 - dbo.AdventureWorksDWBuildVersion.Table.sql executed in 0.1081023 sec
2026-04-11 23:55:35 - Completed dbo.AdventureWorksDWBuildVersion.Table.sql 
2026-04-11 23:55:35 - Validation Passed: C:\ESD\sql-ci-cd\01_Tables\dbo.DimCustomer.Table.sql
2026-04-11 23:55:35 - Executing dbo.DimCustomer.Table.sql...
2026-04-11 23:55:35 - dbo.DimCustomer.Table.sql executed in 0.0954729 sec
2026-04-11 23:55:35 - Completed dbo.DimCustomer.Table.sql 
2026-04-11 23:55:35 - Validation Passed: C:\ESD\sql-ci-cd\01_Tables\dbo.DimCurrency.Table.sql
2026-04-11 23:55:35 - Executing dbo.DimCurrency.Table.sql...
2026-04-11 23:55:35 - dbo.DimCurrency.Table.sql executed in 0.0989581 sec
2026-04-11 23:55:35 - Completed dbo.DimCurrency.Table.sql 
2026-04-11 23:55:35 - Validation Passed: C:\ESD\sql-ci-cd\01_Tables\dbo.DimReseller.Table.sql
2026-04-11 23:55:35 - Executing dbo.DimReseller.Table.sql...
2026-04-11 23:55:36 - dbo.DimReseller.Table.sql executed in 0.0940108 sec
2026-04-11 23:55:36 - Completed dbo.DimReseller.Table.sql 
2026-04-11 23:55:36 - Validation Passed: C:\ESD\sql-ci-cd\01_Tables\dbo.DimPromotion.Table.sql
2026-04-11 23:55:36 - Executing dbo.DimPromotion.Table.sql...
2026-04-11 23:55:36 - dbo.DimPromotion.Table.sql executed in 0.0987501 sec
2026-04-11 23:55:36 - Completed dbo.DimPromotion.Table.sql 
2026-04-11 23:55:36 - Validation Passed: C:\ESD\sql-ci-cd\01_Tables\dbo.DimSalesTerritory.Table.sql
2026-04-11 23:55:36 - Executing dbo.DimSalesTerritory.Table.sql...
2026-04-11 23:55:36 - dbo.DimSalesTerritory.Table.sql executed in 0.1315644 sec
2026-04-11 23:55:36 - Completed dbo.DimSalesTerritory.Table.sql 
2026-04-11 23:55:36 - Validation Passed: C:\ESD\sql-ci-cd\01_Tables\dbo.DimSalesReason.Table.sql
2026-04-11 23:55:36 - Executing dbo.DimSalesReason.Table.sql...
2026-04-11 23:55:36 - dbo.DimSalesReason.Table.sql executed in 0.0932858 sec
2026-04-11 23:55:36 - Completed dbo.DimSalesReason.Table.sql 
2026-04-11 23:55:37 - Validation Passed: C:\ESD\sql-ci-cd\01_Tables\dbo.DimProduct.Table.sql
2026-04-11 23:55:37 - Executing dbo.DimProduct.Table.sql...
2026-04-11 23:55:37 - dbo.DimProduct.Table.sql executed in 0.0875833 sec
2026-04-11 23:55:37 - Completed dbo.DimProduct.Table.sql 
2026-04-11 23:55:37 - Validation Passed: C:\ESD\sql-ci-cd\01_Tables\dbo.DimOrganization.Table.sql
2026-04-11 23:55:37 - Executing dbo.DimOrganization.Table.sql...
2026-04-11 23:55:37 - dbo.DimOrganization.Table.sql executed in 0.0955495 sec
2026-04-11 23:55:37 - Completed dbo.DimOrganization.Table.sql 
2026-04-11 23:55:37 - Validation Passed: C:\ESD\sql-ci-cd\01_Tables\dbo.DimProductSubcategory.Table.sql
2026-04-11 23:55:37 - Executing dbo.DimProductSubcategory.Table.sql...
2026-04-11 23:55:37 - dbo.DimProductSubcategory.Table.sql executed in 0.0985965 sec
2026-04-11 23:55:37 - Completed dbo.DimProductSubcategory.Table.sql 
2026-04-11 23:55:37 - Validation Passed: C:\ESD\sql-ci-cd\01_Tables\dbo.DimProductCategory.Table.sql
2026-04-11 23:55:37 - Executing dbo.DimProductCategory.Table.sql...
2026-04-11 23:55:38 - dbo.DimProductCategory.Table.sql executed in 0.1097999 sec
2026-04-11 23:55:38 - Completed dbo.DimProductCategory.Table.sql 
2026-04-11 23:55:38 - Validation Passed: C:\ESD\sql-ci-cd\01_Tables\dbo.DatabaseLog.Table1.sql
2026-04-11 23:55:38 - Executing dbo.DatabaseLog.Table1.sql...
2026-04-11 23:55:38 - dbo.DatabaseLog.Table1.sql executed in 0.0856542 sec
2026-04-11 23:55:38 - Rolling back script: dbo.DatabaseLog.Table1.sql
2026-04-11 23:55:38 - Rollback completed for dbo.DatabaseLog.Table1.sql
2026-04-11 23:55:38 - ===== FAILED: DB6 =====
2026-04-11 23:55:38 - Error: Error executing dbo.DatabaseLog.Table1.sql
2026-04-11 23:59:33 - ===== START: DB6 =====
2026-04-11 23:59:33 - Processing Folder: 01_Tables
2026-04-11 23:59:33 - SKIPPING (already deployed): dbo.FactInternetSales.Table.sql
2026-04-11 23:59:33 - SKIPPING (already deployed): dbo.FactFinance.Table.sql
2026-04-11 23:59:33 - SKIPPING (already deployed): dbo.FactResellerSales.Table.sql
2026-04-11 23:59:33 - SKIPPING (already deployed): dbo.FactProductInventory.Table.sql
2026-04-11 23:59:33 - SKIPPING (already deployed): dbo.FactAdditionalInternationalProductDescription.Table.sql
2026-04-11 23:59:33 - SKIPPING (already deployed): dbo.DimScenario.Table.sql
2026-04-11 23:59:33 - SKIPPING (already deployed): dbo.FactCurrencyRate.Table.sql
2026-04-11 23:59:34 - SKIPPING (already deployed): dbo.FactCallCenter.Table.sql
2026-04-11 23:59:34 - SKIPPING (already deployed): dbo.FactSalesQuota.Table.sql
2026-04-11 23:59:34 - SKIPPING (already deployed): dbo.tblDepartment.Table.sql
2026-04-11 23:59:34 - SKIPPING (already deployed): dbo.SQLServerTable.Table.sql
2026-04-11 23:59:34 - SKIPPING (already deployed): dbo.tblTransaction.Table.sql
2026-04-11 23:59:34 - SKIPPING (already deployed): dbo.tblEmployee.Table.sql
2026-04-11 23:59:34 - SKIPPING (already deployed): dbo.NewFactCurrencyRate.Table.sql
2026-04-11 23:59:34 - SKIPPING (already deployed): dbo.FactSurveyResponse.Table.sql
2026-04-11 23:59:34 - SKIPPING (already deployed): dbo.Prospects.Table.sql
2026-04-11 23:59:34 - SKIPPING (already deployed): dbo.ProspectiveBuyer.Table.sql
2026-04-11 23:59:34 - SKIPPING (already deployed): dbo.DimDepartmentGroup.Table.sql
2026-04-11 23:59:34 - SKIPPING (already deployed): dbo.DimDate.Table.sql
2026-04-11 23:59:34 - SKIPPING (already deployed): dbo.DimGeography.Table.sql
2026-04-11 23:59:34 - SKIPPING (already deployed): dbo.DimEmployee.Table.sql
2026-04-11 23:59:34 - SKIPPING (already deployed): dbo.DimAccount.Table.sql
2026-04-11 23:59:34 - SKIPPING (already deployed): dbo.AdventureWorksDWBuildVersion.Table.sql
2026-04-11 23:59:34 - SKIPPING (already deployed): dbo.DimCustomer.Table.sql
2026-04-11 23:59:34 - SKIPPING (already deployed): dbo.DimCurrency.Table.sql
2026-04-11 23:59:35 - SKIPPING (already deployed): dbo.DimReseller.Table.sql
2026-04-11 23:59:35 - SKIPPING (already deployed): dbo.DimPromotion.Table.sql
2026-04-11 23:59:35 - SKIPPING (already deployed): dbo.DimSalesTerritory.Table.sql
2026-04-11 23:59:35 - SKIPPING (already deployed): dbo.DimSalesReason.Table.sql
2026-04-11 23:59:35 - SKIPPING (already deployed): dbo.DimProduct.Table.sql
2026-04-11 23:59:35 - SKIPPING (already deployed): dbo.DimOrganization.Table.sql
2026-04-11 23:59:35 - SKIPPING (already deployed): dbo.DimProductSubcategory.Table.sql
2026-04-11 23:59:35 - SKIPPING (already deployed): dbo.DimProductCategory.Table.sql
2026-04-11 23:59:35 - Validation Passed: C:\ESD\sql-ci-cd\01_Tables\dbo.DatabaseLog.Table1.sql
2026-04-11 23:59:35 - Executing dbo.DatabaseLog.Table1.sql...
2026-04-11 23:59:35 - dbo.DatabaseLog.Table1.sql executed in 0.0926097 sec
2026-04-11 23:59:35 - Rolling back script: dbo.DatabaseLog.Table1.sql
2026-04-11 23:59:35 - Rollback completed for dbo.DatabaseLog.Table1.sql
2026-04-11 23:59:35 - ===== FAILED: DB6 =====
2026-04-11 23:59:35 - Error: Error executing dbo.DatabaseLog.Table1.sql
2026-04-12 00:23:30 - ===== START: DB6 =====
2026-04-12 00:23:30 - Processing Folder: 01_Tables
2026-04-12 00:23:30 - SKIPPING (already deployed): dbo.FactInternetSales.Table.sql
2026-04-12 00:23:30 - SKIPPING (already deployed): dbo.FactFinance.Table.sql
2026-04-12 00:23:30 - SKIPPING (already deployed): dbo.FactResellerSales.Table.sql
2026-04-12 00:23:30 - SKIPPING (already deployed): dbo.FactProductInventory.Table.sql
2026-04-12 00:23:30 - SKIPPING (already deployed): dbo.FactAdditionalInternationalProductDescription.Table.sql
2026-04-12 00:23:30 - SKIPPING (already deployed): dbo.DimScenario.Table.sql
2026-04-12 00:23:30 - SKIPPING (already deployed): dbo.FactCurrencyRate.Table.sql
2026-04-12 00:23:30 - SKIPPING (already deployed): dbo.FactCallCenter.Table.sql
2026-04-12 00:23:30 - SKIPPING (already deployed): dbo.FactSalesQuota.Table.sql
2026-04-12 00:23:30 - SKIPPING (already deployed): dbo.tblDepartment.Table.sql
2026-04-12 00:23:30 - SKIPPING (already deployed): dbo.SQLServerTable.Table.sql
2026-04-12 00:23:30 - SKIPPING (already deployed): dbo.tblTransaction.Table.sql
2026-04-12 00:23:30 - SKIPPING (already deployed): dbo.tblEmployee.Table.sql
2026-04-12 00:23:30 - SKIPPING (already deployed): dbo.NewFactCurrencyRate.Table.sql
2026-04-12 00:23:31 - SKIPPING (already deployed): dbo.FactSurveyResponse.Table.sql
2026-04-12 00:23:31 - SKIPPING (already deployed): dbo.Prospects.Table.sql
2026-04-12 00:23:31 - SKIPPING (already deployed): dbo.ProspectiveBuyer.Table.sql
2026-04-12 00:23:31 - SKIPPING (already deployed): dbo.DimDepartmentGroup.Table.sql
2026-04-12 00:23:31 - SKIPPING (already deployed): dbo.DimDate.Table.sql
2026-04-12 00:23:31 - SKIPPING (already deployed): dbo.DimGeography.Table.sql
2026-04-12 00:23:31 - SKIPPING (already deployed): dbo.DimEmployee.Table.sql
2026-04-12 00:23:31 - SKIPPING (already deployed): dbo.DimAccount.Table.sql
2026-04-12 00:23:31 - SKIPPING (already deployed): dbo.AdventureWorksDWBuildVersion.Table.sql
2026-04-12 00:23:31 - SKIPPING (already deployed): dbo.DimCustomer.Table.sql
2026-04-12 00:23:31 - SKIPPING (already deployed): dbo.DimCurrency.Table.sql
2026-04-12 00:23:31 - SKIPPING (already deployed): dbo.DimReseller.Table.sql
2026-04-12 00:23:31 - SKIPPING (already deployed): dbo.DimPromotion.Table.sql
2026-04-12 00:23:31 - SKIPPING (already deployed): dbo.DimSalesTerritory.Table.sql
2026-04-12 00:23:31 - SKIPPING (already deployed): dbo.DimSalesReason.Table.sql
2026-04-12 00:23:31 - SKIPPING (already deployed): dbo.DimProduct.Table.sql
2026-04-12 00:23:31 - SKIPPING (already deployed): dbo.DimOrganization.Table.sql
2026-04-12 00:23:31 - SKIPPING (already deployed): dbo.DimProductSubcategory.Table.sql
2026-04-12 00:23:32 - SKIPPING (already deployed): dbo.DimProductCategory.Table.sql
2026-04-12 00:23:32 - Validation Passed: C:\ESD\sql-ci-cd\01_Tables\dbo.DatabaseLog.Table1.sql
2026-04-12 00:23:32 - Executing dbo.DatabaseLog.Table1.sql...
2026-04-12 00:23:32 - dbo.DatabaseLog.Table1.sql executed in 0.0964205 sec
2026-04-12 00:23:32 - SQL OUTPUT: sqlcmd : Changed database context to 'DB6'.
At line:219 char:31
+                     $output = sqlcmd -S $server `
+                               ~~~~~~~~~~~~~~~~~~~
    + CategoryInfo          : NotSpecified: (Changed database context to 'DB6'.:String) [], RemoteException
    + FullyQualifiedErrorId : NativeCommandError
 
Msg 1088, Level 16, State 11, Server SUJATAJADHAV, Line 1
Cannot find the object "dbo.DatabaseLog" because it does not exist or you do not have permissions.

2026-04-12 00:23:32 - EXIT CODE: 
2026-04-12 00:23:32 - ERROR: sqlcmd : Changed database context to ''DB6''.
At line:219 char:31
+                     $output = sqlcmd -S $server `
+                               ~~~~~~~~~~~~~~~~~~~
    + CategoryInfo          : NotSpecified: (Changed database context to ''DB6''.:String) [], RemoteException
    + FullyQualifiedErrorId : NativeCommandError
 
Msg 1088, Level 16, State 11, Server SUJATAJADHAV, Line 1
Cannot find the object "dbo.DatabaseLog" because it does not exist or you do not have permissions.

2026-04-12 00:23:32 - Rolling back script: dbo.DatabaseLog.Table1.sql
2026-04-12 00:23:32 - Rollback completed for dbo.DatabaseLog.Table1.sql
2026-04-12 00:23:32 - ===== FAILED: DB6 =====
2026-04-12 00:23:32 - Error: Error executing dbo.DatabaseLog.Table1.sql
2026-04-12 00:26:52 - ===== START: DB6 =====
2026-04-12 00:26:52 - Processing Folder: 01_Tables
2026-04-12 00:26:52 - SKIPPING (already deployed): dbo.FactInternetSales.Table.sql
2026-04-12 00:26:52 - SKIPPING (already deployed): dbo.FactFinance.Table.sql
2026-04-12 00:26:52 - SKIPPING (already deployed): dbo.FactResellerSales.Table.sql
2026-04-12 00:26:52 - SKIPPING (already deployed): dbo.FactProductInventory.Table.sql
2026-04-12 00:26:52 - SKIPPING (already deployed): dbo.FactAdditionalInternationalProductDescription.Table.sql
2026-04-12 00:26:52 - SKIPPING (already deployed): dbo.DimScenario.Table.sql
2026-04-12 00:26:52 - SKIPPING (already deployed): dbo.FactCurrencyRate.Table.sql
2026-04-12 00:26:52 - SKIPPING (already deployed): dbo.FactCallCenter.Table.sql
2026-04-12 00:26:52 - SKIPPING (already deployed): dbo.FactSalesQuota.Table.sql
2026-04-12 00:26:53 - SKIPPING (already deployed): dbo.tblDepartment.Table.sql
2026-04-12 00:26:53 - SKIPPING (already deployed): dbo.SQLServerTable.Table.sql
2026-04-12 00:26:53 - SKIPPING (already deployed): dbo.tblTransaction.Table.sql
2026-04-12 00:26:53 - SKIPPING (already deployed): dbo.tblEmployee.Table.sql
2026-04-12 00:26:53 - SKIPPING (already deployed): dbo.NewFactCurrencyRate.Table.sql
2026-04-12 00:26:53 - SKIPPING (already deployed): dbo.FactSurveyResponse.Table.sql
2026-04-12 00:26:53 - SKIPPING (already deployed): dbo.Prospects.Table.sql
2026-04-12 00:26:53 - SKIPPING (already deployed): dbo.ProspectiveBuyer.Table.sql
2026-04-12 00:26:53 - SKIPPING (already deployed): dbo.DimDepartmentGroup.Table.sql
2026-04-12 00:26:53 - SKIPPING (already deployed): dbo.DimDate.Table.sql
2026-04-12 00:26:53 - SKIPPING (already deployed): dbo.DimGeography.Table.sql
2026-04-12 00:26:53 - SKIPPING (already deployed): dbo.DimEmployee.Table.sql
2026-04-12 00:26:53 - SKIPPING (already deployed): dbo.DimAccount.Table.sql
2026-04-12 00:26:53 - SKIPPING (already deployed): dbo.AdventureWorksDWBuildVersion.Table.sql
2026-04-12 00:26:53 - SKIPPING (already deployed): dbo.DimCustomer.Table.sql
2026-04-12 00:26:53 - SKIPPING (already deployed): dbo.DimCurrency.Table.sql
2026-04-12 00:26:53 - SKIPPING (already deployed): dbo.DimReseller.Table.sql
2026-04-12 00:26:53 - SKIPPING (already deployed): dbo.DimPromotion.Table.sql
2026-04-12 00:26:54 - SKIPPING (already deployed): dbo.DimSalesTerritory.Table.sql
2026-04-12 00:26:54 - SKIPPING (already deployed): dbo.DimSalesReason.Table.sql
2026-04-12 00:26:54 - SKIPPING (already deployed): dbo.DimProduct.Table.sql
2026-04-12 00:26:54 - SKIPPING (already deployed): dbo.DimOrganization.Table.sql
2026-04-12 00:26:54 - SKIPPING (already deployed): dbo.DimProductSubcategory.Table.sql
2026-04-12 00:26:54 - SKIPPING (already deployed): dbo.DimProductCategory.Table.sql
2026-04-12 00:26:54 - SKIPPING (already deployed): dbo.DatabaseLog.Table1.sql
2026-04-12 00:26:54 - Validation Passed: C:\ESD\sql-ci-cd\01_Tables\SQLQuery71.sql
2026-04-12 00:26:54 - Executing SQLQuery71.sql...
2026-04-12 00:26:54 - SQLQuery71.sql executed in 0.0929215 sec
2026-04-12 00:26:54 - ERROR: sqlcmd : Changed database context to ''DB6''.
At line:219 char:31
+                     $output = sqlcmd -S $server `
+                               ~~~~~~~~~~~~~~~~~~~
    + CategoryInfo          : NotSpecified: (Changed database context to ''DB6''.:String) [], RemoteException
    + FullyQualifiedErrorId : NativeCommandError
 
Msg 4902, Level 16, State 1, Server SUJATAJADHAV, Line 1
Cannot find the object "DatabaseLog" because it does not exist or you do not have permissions.

2026-04-12 00:26:54 - Rolling back script: SQLQuery71.sql
2026-04-12 00:26:54 - Rollback completed for SQLQuery71.sql
2026-04-12 00:26:54 - ===== FAILED: DB6 =====
2026-04-12 00:26:54 - Error: Error executing SQLQuery71.sql
2026-04-12 00:28:35 - ===== START: DB6 =====
2026-04-12 00:28:35 - Processing Folder: 01_Tables
2026-04-12 00:28:36 - SKIPPING (already deployed): dbo.FactInternetSales.Table.sql
2026-04-12 00:28:36 - SKIPPING (already deployed): dbo.FactFinance.Table.sql
2026-04-12 00:28:36 - SKIPPING (already deployed): dbo.FactResellerSales.Table.sql
2026-04-12 00:28:36 - SKIPPING (already deployed): dbo.FactProductInventory.Table.sql
2026-04-12 00:28:36 - SKIPPING (already deployed): dbo.FactAdditionalInternationalProductDescription.Table.sql
2026-04-12 00:28:36 - SKIPPING (already deployed): dbo.DimScenario.Table.sql
2026-04-12 00:28:36 - SKIPPING (already deployed): dbo.FactCurrencyRate.Table.sql
2026-04-12 00:28:36 - SKIPPING (already deployed): dbo.FactCallCenter.Table.sql
2026-04-12 00:28:36 - SKIPPING (already deployed): dbo.FactSalesQuota.Table.sql
2026-04-12 00:28:36 - SKIPPING (already deployed): dbo.tblDepartment.Table.sql
2026-04-12 00:28:36 - SKIPPING (already deployed): dbo.SQLServerTable.Table.sql
2026-04-12 00:28:36 - SKIPPING (already deployed): dbo.tblTransaction.Table.sql
2026-04-12 00:28:36 - SKIPPING (already deployed): dbo.tblEmployee.Table.sql
2026-04-12 00:28:36 - SKIPPING (already deployed): dbo.NewFactCurrencyRate.Table.sql
2026-04-12 00:28:36 - SKIPPING (already deployed): dbo.FactSurveyResponse.Table.sql
2026-04-12 00:28:36 - SKIPPING (already deployed): dbo.Prospects.Table.sql
2026-04-12 00:28:36 - SKIPPING (already deployed): dbo.ProspectiveBuyer.Table.sql
2026-04-12 00:28:37 - SKIPPING (already deployed): dbo.DimDepartmentGroup.Table.sql
2026-04-12 00:28:37 - SKIPPING (already deployed): dbo.DimDate.Table.sql
2026-04-12 00:28:37 - SKIPPING (already deployed): dbo.DimGeography.Table.sql
2026-04-12 00:28:37 - SKIPPING (already deployed): dbo.DimEmployee.Table.sql
2026-04-12 00:28:37 - SKIPPING (already deployed): dbo.DimAccount.Table.sql
2026-04-12 00:28:37 - SKIPPING (already deployed): dbo.AdventureWorksDWBuildVersion.Table.sql
2026-04-12 00:28:37 - SKIPPING (already deployed): dbo.DimCustomer.Table.sql
2026-04-12 00:28:37 - SKIPPING (already deployed): dbo.DimCurrency.Table.sql
2026-04-12 00:28:37 - SKIPPING (already deployed): dbo.DimReseller.Table.sql
2026-04-12 00:28:37 - SKIPPING (already deployed): dbo.DimPromotion.Table.sql
2026-04-12 00:28:37 - SKIPPING (already deployed): dbo.DimSalesTerritory.Table.sql
2026-04-12 00:28:37 - SKIPPING (already deployed): dbo.DimSalesReason.Table.sql
2026-04-12 00:28:37 - SKIPPING (already deployed): dbo.DimProduct.Table.sql
2026-04-12 00:28:37 - SKIPPING (already deployed): dbo.DimOrganization.Table.sql
2026-04-12 00:28:37 - SKIPPING (already deployed): dbo.DimProductSubcategory.Table.sql
2026-04-12 00:28:37 - SKIPPING (already deployed): dbo.DimProductCategory.Table.sql
2026-04-12 00:28:37 - SKIPPING (already deployed): dbo.DatabaseLog.Table1.sql
2026-04-12 00:28:38 - SKIPPING (already deployed): SQLQuery71.sql
2026-04-12 00:28:38 - Processing Folder: 02_Views
2026-04-12 00:28:38 - Validation Passed: C:\ESD\sql-ci-cd\02_Views\dbo.vTargetMail.View.sql
2026-04-12 00:28:38 - Executing dbo.vTargetMail.View.sql...
2026-04-12 00:28:38 - dbo.vTargetMail.View.sql executed in 0.0954345 sec
2026-04-12 00:28:38 - ERROR: sqlcmd : Changed database context to ''DB6''.
At line:219 char:31
+                     $output = sqlcmd -S $server `
+                               ~~~~~~~~~~~~~~~~~~~
    + CategoryInfo          : NotSpecified: (Changed database context to ''DB6''.:String) [], RemoteException
    + FullyQualifiedErrorId : NativeCommandError
 
Msg 208, Level 16, State 1, Server SUJATAJADHAV, Procedure vTargetMail, Line 54
Invalid object name ''dbo.vDMPrep''.

2026-04-12 00:28:38 - Rolling back script: dbo.vTargetMail.View.sql
2026-04-12 00:28:38 - Rollback completed for dbo.vTargetMail.View.sql
2026-04-12 00:28:38 - ===== FAILED: DB6 =====
2026-04-12 00:28:38 - Error: Error executing dbo.vTargetMail.View.sql
2026-04-12 10:17:14 - ===== START: DB6 =====
2026-04-12 10:17:14 - Processing Folder: 01_Tables
2026-04-12 10:17:14 - SKIPPING (already deployed): dbo.FactInternetSales.Table.sql
2026-04-12 10:17:14 - SKIPPING (already deployed): dbo.FactFinance.Table.sql
2026-04-12 10:17:14 - SKIPPING (already deployed): dbo.FactResellerSales.Table.sql
2026-04-12 10:17:14 - SKIPPING (already deployed): dbo.FactProductInventory.Table.sql
2026-04-12 10:17:14 - SKIPPING (already deployed): dbo.FactAdditionalInternationalProductDescription.Table.sql
2026-04-12 10:17:14 - SKIPPING (already deployed): dbo.DimScenario.Table.sql
2026-04-12 10:17:14 - SKIPPING (already deployed): dbo.FactCurrencyRate.Table.sql
2026-04-12 10:17:14 - SKIPPING (already deployed): dbo.FactCallCenter.Table.sql
2026-04-12 10:17:14 - SKIPPING (already deployed): dbo.FactSalesQuota.Table.sql
2026-04-12 10:17:14 - SKIPPING (already deployed): dbo.tblDepartment.Table.sql
2026-04-12 10:17:14 - SKIPPING (already deployed): dbo.SQLServerTable.Table.sql
2026-04-12 10:17:14 - SKIPPING (already deployed): dbo.tblTransaction.Table.sql
2026-04-12 10:17:15 - SKIPPING (already deployed): dbo.tblEmployee.Table.sql
2026-04-12 10:17:15 - SKIPPING (already deployed): dbo.NewFactCurrencyRate.Table.sql
2026-04-12 10:17:15 - SKIPPING (already deployed): dbo.FactSurveyResponse.Table.sql
2026-04-12 10:17:15 - SKIPPING (already deployed): dbo.Prospects.Table.sql
2026-04-12 10:17:15 - SKIPPING (already deployed): dbo.ProspectiveBuyer.Table.sql
2026-04-12 10:17:15 - SKIPPING (already deployed): dbo.DimDepartmentGroup.Table.sql
2026-04-12 10:17:15 - SKIPPING (already deployed): dbo.DimDate.Table.sql
2026-04-12 10:17:15 - SKIPPING (already deployed): dbo.DimGeography.Table.sql
2026-04-12 10:17:15 - SKIPPING (already deployed): dbo.DimEmployee.Table.sql
2026-04-12 10:17:15 - SKIPPING (already deployed): dbo.DimAccount.Table.sql
2026-04-12 10:17:15 - SKIPPING (already deployed): dbo.AdventureWorksDWBuildVersion.Table.sql
2026-04-12 10:17:15 - SKIPPING (already deployed): dbo.DimCustomer.Table.sql
2026-04-12 10:17:15 - SKIPPING (already deployed): dbo.DimCurrency.Table.sql
2026-04-12 10:17:15 - SKIPPING (already deployed): dbo.DimReseller.Table.sql
2026-04-12 10:17:15 - SKIPPING (already deployed): dbo.DimPromotion.Table.sql
2026-04-12 10:17:15 - SKIPPING (already deployed): dbo.DimSalesTerritory.Table.sql
2026-04-12 10:17:15 - SKIPPING (already deployed): dbo.DimSalesReason.Table.sql
2026-04-12 10:17:15 - SKIPPING (already deployed): dbo.DimProduct.Table.sql
2026-04-12 10:17:16 - SKIPPING (already deployed): dbo.DimOrganization.Table.sql
2026-04-12 10:17:16 - SKIPPING (already deployed): dbo.DimProductSubcategory.Table.sql
2026-04-12 10:17:16 - SKIPPING (already deployed): dbo.DimProductCategory.Table.sql
2026-04-12 10:17:16 - SKIPPING (already deployed): dbo.DatabaseLog.Table1.sql
2026-04-12 10:17:16 - SKIPPING (already deployed): SQLQuery71.sql
2026-04-12 10:17:16 - Processing Folder: 02_Views
2026-04-12 10:17:16 - SKIPPING (already deployed): dbo.vTargetMail.View.sql
2026-04-12 10:17:16 - Validation Passed: C:\ESD\sql-ci-cd\02_Views\dbo.vTimeSeries.View.sql
2026-04-12 10:17:16 - Executing dbo.vTimeSeries.View.sql...
2026-04-12 10:17:16 - dbo.vTimeSeries.View.sql executed in 0.1158861 sec
2026-04-12 10:17:16 - ERROR: sqlcmd : Changed database context to ''DB6''.
At line:219 char:31
+                     $output = sqlcmd -S $server `
+                               ~~~~~~~~~~~~~~~~~~~
    + CategoryInfo          : NotSpecified: (Changed database context to ''DB6''.:String) [], RemoteException
    + FullyQualifiedErrorId : NativeCommandError
 
Msg 208, Level 16, State 1, Server SUJATAJADHAV, Procedure vTimeSeries, Line 26
Invalid object name ''dbo.vDMPrep''.

2026-04-12 10:17:16 - Rolling back script: dbo.vTimeSeries.View.sql
2026-04-12 10:17:16 - Rollback completed for dbo.vTimeSeries.View.sql
2026-04-12 10:17:16 - ===== FAILED: DB6 =====
2026-04-12 10:17:16 - Error: Error executing dbo.vTimeSeries.View.sql
2026-04-12 10:29:49 - ===== START: DB6 =====
2026-04-12 10:29:49 - Processing Folder: 01_Tables
2026-04-12 10:29:49 - SKIPPING (already deployed): dbo.FactInternetSales.Table.sql
2026-04-12 10:29:49 - SKIPPING (already deployed): dbo.FactFinance.Table.sql
2026-04-12 10:29:49 - SKIPPING (already deployed): dbo.FactResellerSales.Table.sql
2026-04-12 10:29:49 - SKIPPING (already deployed): dbo.FactProductInventory.Table.sql
2026-04-12 10:29:49 - SKIPPING (already deployed): dbo.FactAdditionalInternationalProductDescription.Table.sql
2026-04-12 10:29:49 - SKIPPING (already deployed): dbo.DimScenario.Table.sql
2026-04-12 10:29:49 - SKIPPING (already deployed): dbo.FactCurrencyRate.Table.sql
2026-04-12 10:29:49 - SKIPPING (already deployed): dbo.FactCallCenter.Table.sql
2026-04-12 10:29:50 - SKIPPING (already deployed): dbo.FactSalesQuota.Table.sql
2026-04-12 10:29:50 - SKIPPING (already deployed): dbo.tblDepartment.Table.sql
2026-04-12 10:29:50 - SKIPPING (already deployed): dbo.SQLServerTable.Table.sql
2026-04-12 10:29:50 - SKIPPING (already deployed): dbo.tblTransaction.Table.sql
2026-04-12 10:29:50 - SKIPPING (already deployed): dbo.tblEmployee.Table.sql
2026-04-12 10:29:50 - SKIPPING (already deployed): dbo.NewFactCurrencyRate.Table.sql
2026-04-12 10:29:50 - SKIPPING (already deployed): dbo.FactSurveyResponse.Table.sql
2026-04-12 10:29:50 - SKIPPING (already deployed): dbo.Prospects.Table.sql
2026-04-12 10:29:50 - SKIPPING (already deployed): dbo.ProspectiveBuyer.Table.sql
2026-04-12 10:29:50 - SKIPPING (already deployed): dbo.DimDepartmentGroup.Table.sql
2026-04-12 10:29:50 - SKIPPING (already deployed): dbo.DimDate.Table.sql
2026-04-12 10:29:50 - SKIPPING (already deployed): dbo.DimGeography.Table.sql
2026-04-12 10:29:50 - SKIPPING (already deployed): dbo.DimEmployee.Table.sql
2026-04-12 10:29:50 - SKIPPING (already deployed): dbo.DimAccount.Table.sql
2026-04-12 10:29:50 - SKIPPING (already deployed): dbo.AdventureWorksDWBuildVersion.Table.sql
2026-04-12 10:29:50 - SKIPPING (already deployed): dbo.DimCustomer.Table.sql
2026-04-12 10:29:50 - SKIPPING (already deployed): dbo.DimCurrency.Table.sql
2026-04-12 10:29:50 - SKIPPING (already deployed): dbo.DimReseller.Table.sql
2026-04-12 10:29:51 - SKIPPING (already deployed): dbo.DimPromotion.Table.sql
2026-04-12 10:29:51 - SKIPPING (already deployed): dbo.DimSalesTerritory.Table.sql
2026-04-12 10:29:51 - SKIPPING (already deployed): dbo.DimSalesReason.Table.sql
2026-04-12 10:29:51 - SKIPPING (already deployed): dbo.DimProduct.Table.sql
2026-04-12 10:29:51 - SKIPPING (already deployed): dbo.DimOrganization.Table.sql
2026-04-12 10:29:51 - SKIPPING (already deployed): dbo.DimProductSubcategory.Table.sql
2026-04-12 10:29:51 - SKIPPING (already deployed): dbo.DimProductCategory.Table.sql
2026-04-12 10:29:51 - SKIPPING (already deployed): dbo.DatabaseLog.Table1.sql
2026-04-12 10:29:51 - SKIPPING (already deployed): SQLQuery71.sql
2026-04-12 10:29:51 - Processing Folder: 02_Views
2026-04-12 10:29:51 - SKIPPING (already deployed): dbo.vTargetMail.View.sql
2026-04-12 10:29:51 - Validation Passed: C:\ESD\sql-ci-cd\02_Views\dbo.vTimeSeries.View.sql
2026-04-12 10:29:51 - Executing dbo.vTimeSeries.View.sql...
2026-04-12 10:29:51 - dbo.vTimeSeries.View.sql executed in 0.2057151 sec
2026-04-12 10:29:51 - ERROR: sqlcmd : Changed database context to ''DB6''.
At line:219 char:31
+                     $output = sqlcmd -S $server `
+                               ~~~~~~~~~~~~~~~~~~~
    + CategoryInfo          : NotSpecified: (Changed database context to ''DB6''.:String) [], RemoteException
    + FullyQualifiedErrorId : NativeCommandError
 
Msg 208, Level 16, State 1, Server SUJATAJADHAV, Procedure vTimeSeries, Line 26
Invalid object name ''dbo.vDMPrep''.

2026-04-12 10:29:52 - Rolling back script: dbo.vTimeSeries.View.sql
2026-04-12 10:29:52 - Rollback completed for dbo.vTimeSeries.View.sql
2026-04-12 10:29:52 - ===== FAILED: DB6 =====
2026-04-12 10:29:52 - Error: Error executing dbo.vTimeSeries.View.sql
2026-04-12 10:36:08 - ===== START: DB6 =====
2026-04-12 10:36:08 - Processing Folder: 01_Tables
2026-04-12 10:36:08 - SKIPPING (already deployed): dbo.FactInternetSales.Table.sql
2026-04-12 10:36:08 - SKIPPING (already deployed): dbo.FactFinance.Table.sql
2026-04-12 10:36:08 - SKIPPING (already deployed): dbo.FactResellerSales.Table.sql
2026-04-12 10:36:08 - SKIPPING (already deployed): dbo.FactProductInventory.Table.sql
2026-04-12 10:36:08 - SKIPPING (already deployed): dbo.FactAdditionalInternationalProductDescription.Table.sql
2026-04-12 10:36:08 - SKIPPING (already deployed): dbo.DimScenario.Table.sql
2026-04-12 10:36:08 - SKIPPING (already deployed): dbo.FactCurrencyRate.Table.sql
2026-04-12 10:36:08 - SKIPPING (already deployed): dbo.FactCallCenter.Table.sql
2026-04-12 10:36:08 - SKIPPING (already deployed): dbo.FactSalesQuota.Table.sql
2026-04-12 10:36:08 - SKIPPING (already deployed): dbo.tblDepartment.Table.sql
2026-04-12 10:36:09 - SKIPPING (already deployed): dbo.SQLServerTable.Table.sql
2026-04-12 10:36:09 - SKIPPING (already deployed): dbo.tblTransaction.Table.sql
2026-04-12 10:36:09 - SKIPPING (already deployed): dbo.tblEmployee.Table.sql
2026-04-12 10:36:09 - SKIPPING (already deployed): dbo.NewFactCurrencyRate.Table.sql
2026-04-12 10:36:09 - SKIPPING (already deployed): dbo.FactSurveyResponse.Table.sql
2026-04-12 10:36:09 - SKIPPING (already deployed): dbo.Prospects.Table.sql
2026-04-12 10:36:09 - SKIPPING (already deployed): dbo.ProspectiveBuyer.Table.sql
2026-04-12 10:36:09 - SKIPPING (already deployed): dbo.DimDepartmentGroup.Table.sql
2026-04-12 10:36:09 - SKIPPING (already deployed): dbo.DimDate.Table.sql
2026-04-12 10:36:09 - SKIPPING (already deployed): dbo.DimGeography.Table.sql
2026-04-12 10:36:09 - SKIPPING (already deployed): dbo.DimEmployee.Table.sql
2026-04-12 10:36:09 - SKIPPING (already deployed): dbo.DimAccount.Table.sql
2026-04-12 10:36:09 - SKIPPING (already deployed): dbo.AdventureWorksDWBuildVersion.Table.sql
2026-04-12 10:36:09 - SKIPPING (already deployed): dbo.DimCustomer.Table.sql
2026-04-12 10:36:09 - SKIPPING (already deployed): dbo.DimCurrency.Table.sql
2026-04-12 10:36:09 - SKIPPING (already deployed): dbo.DimReseller.Table.sql
2026-04-12 10:36:09 - SKIPPING (already deployed): dbo.DimPromotion.Table.sql
2026-04-12 10:36:09 - SKIPPING (already deployed): dbo.DimSalesTerritory.Table.sql
2026-04-12 10:36:10 - SKIPPING (already deployed): dbo.DimSalesReason.Table.sql
2026-04-12 10:36:10 - SKIPPING (already deployed): dbo.DimProduct.Table.sql
2026-04-12 10:36:10 - SKIPPING (already deployed): dbo.DimOrganization.Table.sql
2026-04-12 10:36:10 - SKIPPING (already deployed): dbo.DimProductSubcategory.Table.sql
2026-04-12 10:36:10 - SKIPPING (already deployed): dbo.DimProductCategory.Table.sql
2026-04-12 10:36:10 - SKIPPING (already deployed): dbo.DatabaseLog.Table1.sql
2026-04-12 10:36:10 - SKIPPING (already deployed): SQLQuery71.sql
2026-04-12 10:36:10 - Processing Folder: 02_Views
2026-04-12 10:36:10 - SKIPPING (already deployed): dbo.vTargetMail.View.sql
2026-04-12 10:36:10 - Validation Passed: C:\ESD\sql-ci-cd\02_Views\dbo.vTimeSeries.View.sql
2026-04-12 10:36:10 - Executing dbo.vTimeSeries.View.sql...
2026-04-12 10:36:10 - dbo.vTimeSeries.View.sql executed in 0.0663358 sec
2026-04-12 10:36:10 - ===== FAILED: DB6 =====
2026-04-12 10:36:10 - Error: You cannot call a method on a null-valued expression.
2026-04-12 10:37:57 - ===== START: DB6 =====
2026-04-12 10:37:57 - Processing Folder: 01_Tables
2026-04-12 10:37:57 - SKIPPING (already deployed): dbo.FactInternetSales.Table.sql
2026-04-12 10:37:57 - SKIPPING (already deployed): dbo.FactFinance.Table.sql
2026-04-12 10:37:57 - SKIPPING (already deployed): dbo.FactResellerSales.Table.sql
2026-04-12 10:37:57 - SKIPPING (already deployed): dbo.FactProductInventory.Table.sql
2026-04-12 10:37:57 - SKIPPING (already deployed): dbo.FactAdditionalInternationalProductDescription.Table.sql
2026-04-12 10:37:57 - SKIPPING (already deployed): dbo.DimScenario.Table.sql
2026-04-12 10:37:57 - SKIPPING (already deployed): dbo.FactCurrencyRate.Table.sql
2026-04-12 10:37:57 - SKIPPING (already deployed): dbo.FactCallCenter.Table.sql
2026-04-12 10:37:57 - SKIPPING (already deployed): dbo.FactSalesQuota.Table.sql
2026-04-12 10:37:57 - SKIPPING (already deployed): dbo.tblDepartment.Table.sql
2026-04-12 10:37:57 - SKIPPING (already deployed): dbo.SQLServerTable.Table.sql
2026-04-12 10:37:57 - SKIPPING (already deployed): dbo.tblTransaction.Table.sql
2026-04-12 10:37:57 - SKIPPING (already deployed): dbo.tblEmployee.Table.sql
2026-04-12 10:37:57 - SKIPPING (already deployed): dbo.NewFactCurrencyRate.Table.sql
2026-04-12 10:37:58 - SKIPPING (already deployed): dbo.FactSurveyResponse.Table.sql
2026-04-12 10:37:58 - SKIPPING (already deployed): dbo.Prospects.Table.sql
2026-04-12 10:37:58 - SKIPPING (already deployed): dbo.ProspectiveBuyer.Table.sql
2026-04-12 10:37:58 - SKIPPING (already deployed): dbo.DimDepartmentGroup.Table.sql
2026-04-12 10:37:58 - SKIPPING (already deployed): dbo.DimDate.Table.sql
2026-04-12 10:37:58 - SKIPPING (already deployed): dbo.DimGeography.Table.sql
2026-04-12 10:37:58 - SKIPPING (already deployed): dbo.DimEmployee.Table.sql
2026-04-12 10:37:58 - SKIPPING (already deployed): dbo.DimAccount.Table.sql
2026-04-12 10:37:58 - SKIPPING (already deployed): dbo.AdventureWorksDWBuildVersion.Table.sql
2026-04-12 10:37:58 - SKIPPING (already deployed): dbo.DimCustomer.Table.sql
2026-04-12 10:37:58 - SKIPPING (already deployed): dbo.DimCurrency.Table.sql
2026-04-12 10:37:58 - SKIPPING (already deployed): dbo.DimReseller.Table.sql
2026-04-12 10:37:58 - SKIPPING (already deployed): dbo.DimPromotion.Table.sql
2026-04-12 10:37:58 - SKIPPING (already deployed): dbo.DimSalesTerritory.Table.sql
2026-04-12 10:37:58 - SKIPPING (already deployed): dbo.DimSalesReason.Table.sql
2026-04-12 10:37:58 - SKIPPING (already deployed): dbo.DimProduct.Table.sql
2026-04-12 10:37:58 - SKIPPING (already deployed): dbo.DimOrganization.Table.sql
2026-04-12 10:37:58 - SKIPPING (already deployed): dbo.DimProductSubcategory.Table.sql
2026-04-12 10:37:59 - SKIPPING (already deployed): dbo.DimProductCategory.Table.sql
2026-04-12 10:37:59 - SKIPPING (already deployed): dbo.DatabaseLog.Table1.sql
2026-04-12 10:37:59 - SKIPPING (already deployed): SQLQuery71.sql
2026-04-12 10:37:59 - Processing Folder: 02_Views
2026-04-12 10:37:59 - SKIPPING (already deployed): dbo.vTargetMail.View.sql
2026-04-12 10:37:59 - Validation Passed: C:\ESD\sql-ci-cd\02_Views\dbo.vTimeSeries.View.sql
2026-04-12 10:37:59 - Executing dbo.vTimeSeries.View.sql...
2026-04-12 10:37:59 - dbo.vTimeSeries.View.sql executed in 0.0879845 sec
2026-04-12 10:37:59 - ERROR: 
2026-04-12 10:37:59 - Rolling back script: dbo.vTimeSeries.View.sql
2026-04-12 10:37:59 - Rollback completed for dbo.vTimeSeries.View.sql
2026-04-12 10:37:59 - ===== FAILED: DB6 =====
2026-04-12 10:37:59 - Error: Error executing dbo.vTimeSeries.View.sql
2026-04-12 10:38:41 - ===== START: DB6 =====
2026-04-12 10:38:41 - Processing Folder: 01_Tables
2026-04-12 10:38:41 - SKIPPING (already deployed): dbo.FactInternetSales.Table.sql
2026-04-12 10:38:41 - SKIPPING (already deployed): dbo.FactFinance.Table.sql
2026-04-12 10:38:41 - SKIPPING (already deployed): dbo.FactResellerSales.Table.sql
2026-04-12 10:38:41 - SKIPPING (already deployed): dbo.FactProductInventory.Table.sql
2026-04-12 10:38:41 - SKIPPING (already deployed): dbo.FactAdditionalInternationalProductDescription.Table.sql
2026-04-12 10:38:41 - SKIPPING (already deployed): dbo.DimScenario.Table.sql
2026-04-12 10:38:41 - SKIPPING (already deployed): dbo.FactCurrencyRate.Table.sql
2026-04-12 10:38:41 - SKIPPING (already deployed): dbo.FactCallCenter.Table.sql
2026-04-12 10:38:41 - SKIPPING (already deployed): dbo.FactSalesQuota.Table.sql
2026-04-12 10:38:41 - SKIPPING (already deployed): dbo.tblDepartment.Table.sql
2026-04-12 10:38:41 - SKIPPING (already deployed): dbo.SQLServerTable.Table.sql
2026-04-12 10:38:41 - SKIPPING (already deployed): dbo.tblTransaction.Table.sql
2026-04-12 10:38:42 - SKIPPING (already deployed): dbo.tblEmployee.Table.sql
2026-04-12 10:38:42 - SKIPPING (already deployed): dbo.NewFactCurrencyRate.Table.sql
2026-04-12 10:38:42 - SKIPPING (already deployed): dbo.FactSurveyResponse.Table.sql
2026-04-12 10:38:42 - SKIPPING (already deployed): dbo.Prospects.Table.sql
2026-04-12 10:38:42 - SKIPPING (already deployed): dbo.ProspectiveBuyer.Table.sql
2026-04-12 10:38:42 - SKIPPING (already deployed): dbo.DimDepartmentGroup.Table.sql
2026-04-12 10:38:42 - SKIPPING (already deployed): dbo.DimDate.Table.sql
2026-04-12 10:38:42 - SKIPPING (already deployed): dbo.DimGeography.Table.sql
2026-04-12 10:38:42 - SKIPPING (already deployed): dbo.DimEmployee.Table.sql
2026-04-12 10:38:42 - SKIPPING (already deployed): dbo.DimAccount.Table.sql
2026-04-12 10:38:42 - SKIPPING (already deployed): dbo.AdventureWorksDWBuildVersion.Table.sql
2026-04-12 10:38:42 - SKIPPING (already deployed): dbo.DimCustomer.Table.sql
2026-04-12 10:38:42 - SKIPPING (already deployed): dbo.DimCurrency.Table.sql
2026-04-12 10:38:42 - SKIPPING (already deployed): dbo.DimReseller.Table.sql
2026-04-12 10:38:42 - SKIPPING (already deployed): dbo.DimPromotion.Table.sql
2026-04-12 10:38:42 - SKIPPING (already deployed): dbo.DimSalesTerritory.Table.sql
2026-04-12 10:38:42 - SKIPPING (already deployed): dbo.DimSalesReason.Table.sql
2026-04-12 10:38:42 - SKIPPING (already deployed): dbo.DimProduct.Table.sql
2026-04-12 10:38:43 - SKIPPING (already deployed): dbo.DimOrganization.Table.sql
2026-04-12 10:38:43 - SKIPPING (already deployed): dbo.DimProductSubcategory.Table.sql
2026-04-12 10:38:43 - SKIPPING (already deployed): dbo.DimProductCategory.Table.sql
2026-04-12 10:38:43 - SKIPPING (already deployed): dbo.DatabaseLog.Table1.sql
2026-04-12 10:38:43 - SKIPPING (already deployed): SQLQuery71.sql
2026-04-12 10:38:43 - Processing Folder: 02_Views
2026-04-12 10:38:43 - SKIPPING (already deployed): dbo.vTargetMail.View.sql
2026-04-12 10:38:43 - Validation Passed: C:\ESD\sql-ci-cd\02_Views\dbo.vTimeSeries.View.sql
2026-04-12 10:38:43 - Executing dbo.vTimeSeries.View.sql...
2026-04-12 10:38:43 - dbo.vTimeSeries.View.sql executed in 0.1077943 sec
2026-04-12 10:38:43 - ERROR: sqlcmd : Changed database context to ''DB6''.
At line:219 char:31
+                     $output = sqlcmd -S $server `
+                               ~~~~~~~~~~~~~~~~~~~
    + CategoryInfo          : NotSpecified: (Changed database context to ''DB6''.:String) [], RemoteException
    + FullyQualifiedErrorId : NativeCommandError
 
Msg 208, Level 16, State 1, Server SUJATAJADHAV, Procedure vTimeSeries, Line 26
Invalid object name ''dbo.vDMPrep''.

2026-04-12 10:38:43 - Rolling back script: dbo.vTimeSeries.View.sql
2026-04-12 10:38:43 - Rollback completed for dbo.vTimeSeries.View.sql
2026-04-12 10:38:43 - ===== FAILED: DB6 =====
2026-04-12 10:38:43 - Error: Error executing dbo.vTimeSeries.View.sql
2026-04-12 10:58:08 - ===== START: DB6 =====
2026-04-12 10:58:08 - Processing Folder: 01_Tables
2026-04-12 10:58:08 - SKIPPING (already deployed): dbo.FactInternetSales.Table.sql
2026-04-12 10:58:08 - SKIPPING (already deployed): dbo.FactFinance.Table.sql
2026-04-12 10:58:08 - SKIPPING (already deployed): dbo.FactResellerSales.Table.sql
2026-04-12 10:58:08 - SKIPPING (already deployed): dbo.FactProductInventory.Table.sql
2026-04-12 10:58:08 - SKIPPING (already deployed): dbo.FactAdditionalInternationalProductDescription.Table.sql
2026-04-12 10:58:08 - SKIPPING (already deployed): dbo.DimScenario.Table.sql
2026-04-12 10:58:08 - SKIPPING (already deployed): dbo.FactCurrencyRate.Table.sql
2026-04-12 10:58:09 - SKIPPING (already deployed): dbo.FactCallCenter.Table.sql
2026-04-12 10:58:09 - SKIPPING (already deployed): dbo.FactSalesQuota.Table.sql
2026-04-12 10:58:09 - SKIPPING (already deployed): dbo.tblDepartment.Table.sql
2026-04-12 10:58:09 - SKIPPING (already deployed): dbo.SQLServerTable.Table.sql
2026-04-12 10:58:09 - SKIPPING (already deployed): dbo.tblTransaction.Table.sql
2026-04-12 10:58:09 - SKIPPING (already deployed): dbo.tblEmployee.Table.sql
2026-04-12 10:58:09 - SKIPPING (already deployed): dbo.NewFactCurrencyRate.Table.sql
2026-04-12 10:58:09 - SKIPPING (already deployed): dbo.FactSurveyResponse.Table.sql
2026-04-12 10:58:09 - SKIPPING (already deployed): dbo.Prospects.Table.sql
2026-04-12 10:58:09 - SKIPPING (already deployed): dbo.ProspectiveBuyer.Table.sql
2026-04-12 10:58:09 - SKIPPING (already deployed): dbo.DimDepartmentGroup.Table.sql
2026-04-12 10:58:09 - SKIPPING (already deployed): dbo.DimDate.Table.sql
2026-04-12 10:58:10 - SKIPPING (already deployed): dbo.DimGeography.Table.sql
2026-04-12 10:58:10 - SKIPPING (already deployed): dbo.DimEmployee.Table.sql
2026-04-12 10:58:10 - SKIPPING (already deployed): dbo.DimAccount.Table.sql
2026-04-12 10:58:10 - SKIPPING (already deployed): dbo.AdventureWorksDWBuildVersion.Table.sql
2026-04-12 10:58:10 - SKIPPING (already deployed): dbo.DimCustomer.Table.sql
2026-04-12 10:58:10 - SKIPPING (already deployed): dbo.DimCurrency.Table.sql
2026-04-12 10:58:10 - SKIPPING (already deployed): dbo.DimReseller.Table.sql
2026-04-12 10:58:10 - SKIPPING (already deployed): dbo.DimPromotion.Table.sql
2026-04-12 10:58:10 - SKIPPING (already deployed): dbo.DimSalesTerritory.Table.sql
2026-04-12 10:58:10 - SKIPPING (already deployed): dbo.DimSalesReason.Table.sql
2026-04-12 10:58:11 - SKIPPING (already deployed): dbo.DimProduct.Table.sql
2026-04-12 10:58:11 - SKIPPING (already deployed): dbo.DimOrganization.Table.sql
2026-04-12 10:58:11 - SKIPPING (already deployed): dbo.DimProductSubcategory.Table.sql
2026-04-12 10:58:11 - SKIPPING (already deployed): dbo.DimProductCategory.Table.sql
2026-04-12 10:58:11 - SKIPPING (already deployed): dbo.DatabaseLog.Table1.sql
2026-04-12 10:58:11 - SKIPPING (already deployed): SQLQuery71.sql
2026-04-12 10:58:11 - Processing Folder: 02_Views
2026-04-12 10:58:11 - SKIPPING (already deployed): dbo.vTargetMail.View.sql
2026-04-12 10:58:11 - Validation Passed: C:\ESD\sql-ci-cd\02_Views\dbo.vTimeSeries.View.sql
2026-04-12 10:58:11 - Executing dbo.vTimeSeries.View.sql...
2026-04-12 10:58:11 - dbo.vTimeSeries.View.sql executed in 0.1100792 sec
2026-04-12 10:58:11 - ERROR: sqlcmd : Changed database context to ''DB6''.
At line:163 char:31
+                     $output = sqlcmd -S $server `
+                               ~~~~~~~~~~~~~~~~~~~
    + CategoryInfo          : NotSpecified: (Changed database context to ''DB6''.:String) [], RemoteException
    + FullyQualifiedErrorId : NativeCommandError
 
Msg 208, Level 16, State 1, Server SUJATAJADHAV, Procedure vTimeSeries, Line 26
Invalid object name ''dbo.vDMPrep''.

2026-04-12 10:58:11 - Rolling back script: dbo.vTimeSeries.View.sql
2026-04-12 10:58:12 - Rollback completed for dbo.vTimeSeries.View.sql
2026-04-12 10:58:12 - ===== FAILED: DB6 =====
2026-04-12 10:58:12 - Error: Error executing dbo.vTimeSeries.View.sql
2026-04-12 11:31:17 - ===== START: DB6 =====
2026-04-12 11:31:17 - Processing Folder: 01_Tables
2026-04-12 11:31:17 - SKIPPING (already deployed): dbo.FactInternetSales.Table.sql
2026-04-12 11:31:17 - SKIPPING (already deployed): dbo.FactFinance.Table.sql
2026-04-12 11:31:17 - SKIPPING (already deployed): dbo.FactResellerSales.Table.sql
2026-04-12 11:31:17 - SKIPPING (already deployed): dbo.FactProductInventory.Table.sql
2026-04-12 11:31:17 - SKIPPING (already deployed): dbo.FactAdditionalInternationalProductDescription.Table.sql
2026-04-12 11:31:17 - SKIPPING (already deployed): dbo.DimScenario.Table.sql
2026-04-12 11:31:17 - SKIPPING (already deployed): dbo.FactCurrencyRate.Table.sql
2026-04-12 11:31:18 - SKIPPING (already deployed): dbo.FactCallCenter.Table.sql
2026-04-12 11:31:18 - SKIPPING (already deployed): dbo.FactSalesQuota.Table.sql
2026-04-12 11:31:18 - SKIPPING (already deployed): dbo.tblDepartment.Table.sql
2026-04-12 11:31:18 - SKIPPING (already deployed): dbo.SQLServerTable.Table.sql
2026-04-12 11:31:18 - SKIPPING (already deployed): dbo.tblTransaction.Table.sql
2026-04-12 11:31:18 - SKIPPING (already deployed): dbo.tblEmployee.Table.sql
2026-04-12 11:31:18 - SKIPPING (already deployed): dbo.NewFactCurrencyRate.Table.sql
2026-04-12 11:31:18 - SKIPPING (already deployed): dbo.FactSurveyResponse.Table.sql
2026-04-12 11:31:18 - SKIPPING (already deployed): dbo.Prospects.Table.sql
2026-04-12 11:31:18 - SKIPPING (already deployed): dbo.ProspectiveBuyer.Table.sql
2026-04-12 11:31:18 - SKIPPING (already deployed): dbo.DimDepartmentGroup.Table.sql
2026-04-12 11:31:18 - SKIPPING (already deployed): dbo.DimDate.Table.sql
2026-04-12 11:31:19 - SKIPPING (already deployed): dbo.DimGeography.Table.sql
2026-04-12 11:31:19 - SKIPPING (already deployed): dbo.DimEmployee.Table.sql
2026-04-12 11:31:19 - SKIPPING (already deployed): dbo.DimAccount.Table.sql
2026-04-12 11:31:19 - SKIPPING (already deployed): dbo.AdventureWorksDWBuildVersion.Table.sql
2026-04-12 11:31:19 - SKIPPING (already deployed): dbo.DimCustomer.Table.sql
2026-04-12 11:31:19 - SKIPPING (already deployed): dbo.DimCurrency.Table.sql
2026-04-12 11:31:19 - SKIPPING (already deployed): dbo.DimReseller.Table.sql
2026-04-12 11:31:19 - SKIPPING (already deployed): dbo.DimPromotion.Table.sql
2026-04-12 11:31:20 - SKIPPING (already deployed): dbo.DimSalesTerritory.Table.sql
2026-04-12 11:31:20 - SKIPPING (already deployed): dbo.DimSalesReason.Table.sql
2026-04-12 11:31:20 - SKIPPING (already deployed): dbo.DimProduct.Table.sql
2026-04-12 11:31:20 - SKIPPING (already deployed): dbo.DimOrganization.Table.sql
2026-04-12 11:31:20 - SKIPPING (already deployed): dbo.DimProductSubcategory.Table.sql
2026-04-12 11:31:20 - SKIPPING (already deployed): dbo.DimProductCategory.Table.sql
2026-04-12 11:31:20 - SKIPPING (already deployed): dbo.DatabaseLog.Table1.sql
2026-04-12 11:31:20 - SKIPPING (already deployed): SQLQuery71.sql
2026-04-12 11:31:20 - Processing Folder: 02_Views
2026-04-12 11:31:20 - SKIPPING (already deployed): dbo.vTargetMail.View.sql
2026-04-12 11:31:21 - Validation Passed: C:\ESD\sql-ci-cd\02_Views\dbo.vTimeSeries.View.sql
2026-04-12 11:31:21 - Executing dbo.vTimeSeries.View.sql...
2026-04-12 11:31:21 - dbo.vTimeSeries.View.sql executed in 0.1958365 sec
2026-04-12 11:31:21 - ERROR: sqlcmd : Changed database context to ''DB6''.
At line:163 char:31
+                     $output = sqlcmd -S $server `
+                               ~~~~~~~~~~~~~~~~~~~
    + CategoryInfo          : NotSpecified: (Changed database context to ''DB6''.:String) [], RemoteException
    + FullyQualifiedErrorId : NativeCommandError
 
Msg 208, Level 16, State 1, Server SUJATAJADHAV, Procedure vTimeSeries, Line 26
Invalid object name ''dbo.vDMPrep''.

2026-04-12 11:31:21 - Rolling back script: dbo.vTimeSeries.View.sql
2026-04-12 11:31:21 - Rollback completed for dbo.vTimeSeries.View.sql
2026-04-12 11:31:21 - ===== FAILED: DB6 =====
2026-04-12 11:31:21 - Error: Error executing dbo.vTimeSeries.View.sql
2026-04-12 15:07:12 - ===== START: DB6 =====
2026-04-12 15:07:12 - Processing Folder: 01_Tables
2026-04-12 15:07:12 - SKIPPING (already deployed): dbo.DimAccount.Table.sql
2026-04-12 15:07:12 - Processing Folder: 02_Views
2026-04-12 15:07:12 - SKIPPING (already deployed): dbo.vTargetMail.View.sql
2026-04-12 15:07:12 - Validation Passed: C:\ESD\sql-ci-cd\02_Views\dbo.vTimeSeries.View.sql
2026-04-12 15:07:12 - Executing dbo.vTimeSeries.View.sql...
2026-04-12 15:07:13 - dbo.vTimeSeries.View.sql executed in 0.5228482 sec
2026-04-12 15:07:13 - ERROR: sqlcmd : Changed database context to ''DB6''.
At line:163 char:31
+                     $output = sqlcmd -S $server `
+                               ~~~~~~~~~~~~~~~~~~~
    + CategoryInfo          : NotSpecified: (Changed database context to ''DB6''.:String) [], RemoteException
    + FullyQualifiedErrorId : NativeCommandError
 
Msg 208, Level 16, State 1, Server SUJATAJADHAV, Procedure vTimeSeries, Line 26
Invalid object name ''dbo.vDMPrep''.

2026-04-12 15:07:13 - Rolling back script: dbo.vTimeSeries.View.sql
2026-04-12 15:07:13 - Rollback completed for dbo.vTimeSeries.View.sql
2026-04-12 15:07:13 - ===== FAILED: DB6 =====
2026-04-12 15:07:13 - Error: Error executing dbo.vTimeSeries.View.sql
2026-04-12 19:28:47 - ===== START: DB6 =====
2026-04-12 19:28:47 - Processing Folder: 01_Tables
2026-04-12 19:28:47 - SKIPPING (already deployed): dbo.DimAccount.Table.sql
2026-04-12 19:28:47 - Processing Folder: 02_Views
2026-04-12 19:28:47 - SKIPPING (already deployed): dbo.vTargetMail.View.sql
2026-04-12 19:28:47 - Validation Passed: C:\ESD\sql-ci-cd\02_Views\dbo.vTimeSeries.View.sql
2026-04-12 19:28:47 - Executing dbo.vTimeSeries.View.sql...
2026-04-12 19:28:48 - dbo.vTimeSeries.View.sql executed in 0.11816 sec
2026-04-12 19:28:48 - ERROR: sqlcmd : Changed database context to ''DB6''.
At line:163 char:31
+                     $output = sqlcmd -S $server `
+                               ~~~~~~~~~~~~~~~~~~~
    + CategoryInfo          : NotSpecified: (Changed database context to ''DB6''.:String) [], RemoteException
    + FullyQualifiedErrorId : NativeCommandError
 
Msg 208, Level 16, State 1, Server SUJATAJADHAV, Procedure vTimeSeries, Line 26
Invalid object name ''dbo.vDMPrep''.

2026-04-12 19:28:48 - Rolling back script: dbo.vTimeSeries.View.sql
2026-04-12 19:28:48 - Rollback completed for dbo.vTimeSeries.View.sql
2026-04-12 19:28:48 - ===== FAILED: DB6 =====
2026-04-12 19:28:48 - Error: Error executing dbo.vTimeSeries.View.sql
2026-04-12 19:59:58 - ===== START: DB6 =====
2026-04-12 19:59:58 - Processing Folder: 01_Tables
2026-04-12 19:59:59 - SKIPPING (already deployed): dbo.DimAccount.Table.sql
2026-04-12 19:59:59 - Processing Folder: 02_Views
2026-04-12 19:59:59 - SKIPPING (already deployed): dbo.vTargetMail.View.sql
2026-04-12 19:59:59 - Validation Passed: C:\ESD\sql-ci-cd\02_Views\dbo.vTimeSeries.View.sql
2026-04-12 19:59:59 - Executing dbo.vTimeSeries.View.sql...
2026-04-12 19:59:59 - dbo.vTimeSeries.View.sql executed in 0.2066974 sec
2026-04-12 19:59:59 - ERROR: sqlcmd : Changed database context to ''DB6''.
At line:163 char:31
+                     $output = sqlcmd -S $server `
+                               ~~~~~~~~~~~~~~~~~~~
    + CategoryInfo          : NotSpecified: (Changed database context to ''DB6''.:String) [], RemoteException
    + FullyQualifiedErrorId : NativeCommandError
 
Msg 208, Level 16, State 1, Server SUJATAJADHAV, Procedure vTimeSeries, Line 26
Invalid object name ''dbo.vDMPrep''.

2026-04-12 19:59:59 - Rolling back script: dbo.vTimeSeries.View.sql
2026-04-12 19:59:59 - Rollback completed for dbo.vTimeSeries.View.sql
2026-04-12 19:59:59 - ===== FAILED: DB6 =====
2026-04-12 19:59:59 - Error: Error executing dbo.vTimeSeries.View.sql
2026-04-12 20:32:51 - ===== START: DB6 =====
2026-04-12 20:32:51 - ===== SUCCESS: DB6 =====
2026-04-12 20:41:06 - ===== START: DB6 =====
2026-04-12 20:41:06 - Processing Folder: 01_Tables
2026-04-12 20:41:07 - SKIPPING (already deployed): dbo.DimAccount.Table.sql
2026-04-12 20:41:07 - ===== SUCCESS: DB6 =====
