2026-04-15 10:15:25 - ===== START: DB7 =====
2026-04-15 10:15:25 - Processing Folder: 01_Tables
2026-04-15 10:15:25 - Executing 00_dbo.DatabaseLog.Table.sql...
2026-04-15 10:15:26 - Msg 102, Level 15, State 1, Server SUJATAJADHAV, Line 14
Incorrect syntax near 'END'.

2026-04-15 10:15:26 - ERROR: Msg 102, Level 15, State 1, Server SUJATAJADHAV, Line 14
Incorrect syntax near 'END'.

2026-04-15 10:31:32 - ===== START: DB7 =====
2026-04-15 10:31:32 - Processing Folder: 01_Tables
2026-04-15 10:31:32 - Executing 00_dbo.DatabaseLog.Table.sql...
2026-04-15 10:31:33 - Msg 102, Level 15, State 1, Server SUJATAJADHAV, Line 14
Incorrect syntax near 'END'.

2026-04-15 10:31:33 - ERROR: Msg 102, Level 15, State 1, Server SUJATAJADHAV, Line 14
Incorrect syntax near 'END'.

2026-04-15 10:35:26 - ===== START: DB7 =====
2026-04-15 10:35:26 - Processing Folder: 01_Tables
2026-04-15 10:35:26 - Executing 00_dbo.DatabaseLog.Table.sql...
2026-04-15 10:35:27 - Msg 102, Level 15, State 1, Server SUJATAJADHAV, Line 14
Incorrect syntax near 'END'.

2026-04-15 10:35:27 - ERROR: Msg 102, Level 15, State 1, Server SUJATAJADHAV, Line 14
Incorrect syntax near 'END'.

2026-04-15 10:53:07 - ===== START: DB7 =====
2026-04-15 10:53:07 - Processing Folder: 01_Tables
2026-04-15 10:53:07 - Executing 00_dbo.DatabaseLog.Table.sql...
2026-04-15 10:53:07 - Msg 102, Level 15, State 1, Server SUJATAJADHAV, Line 14
Incorrect syntax near 'END'.

2026-04-15 10:53:07 - ERROR: Msg 102, Level 15, State 1, Server SUJATAJADHAV, Line 14
Incorrect syntax near 'END'.

2026-04-15 10:58:01 - ===== START: DB7 =====
2026-04-15 10:58:01 - Processing Folder: 01_Tables
2026-04-15 10:58:01 - Executing 00_dbo.DatabaseLog.Table.sql...
2026-04-15 10:58:02 - Msg 102, Level 15, State 1, Server SUJATAJADHAV, Line 14
Incorrect syntax near 'END'.

2026-04-15 10:58:02 - ERROR: Msg 102, Level 15, State 1, Server SUJATAJADHAV, Line 14
Incorrect syntax near 'END'.

2026-04-15 11:01:58 - ===== START: DB7 =====
2026-04-15 11:01:59 - Processing Folder: 01_Tables
2026-04-15 11:01:59 - Executing 00_dbo.DatabaseLog.Table.sql...
2026-04-15 11:01:59 - Msg 102, Level 15, State 1, Server SUJATAJADHAV, Line 14
Incorrect syntax near 'END'.

2026-04-15 11:01:59 - ERROR: Msg 102, Level 15, State 1, Server SUJATAJADHAV, Line 14
Incorrect syntax near 'END'.

2026-04-15 22:52:41 - ===== START: DB7 =====
2026-04-15 22:52:41 - Processing Folder: 01_Tables
2026-04-15 22:52:41 - Executing 00_dbo.DatabaseLog.Table.sql...
2026-04-15 22:52:41 - Msg 102, Level 15, State 1, Server SUJATAJADHAV, Line 14
Incorrect syntax near 'END'.

2026-04-15 22:52:41 - ERROR: Msg 102, Level 15, State 1, Server SUJATAJADHAV, Line 14
Incorrect syntax near 'END'.

