2026-04-15 10:15:22 - ===== START: DB3 =====
2026-04-15 10:15:22 - Processing Folder: 01_Tables
2026-04-15 10:15:23 - Executing 00_dbo.DatabaseLog.Table.sql...
2026-04-15 10:15:24 - Msg 911, Level 16, State 1, Server SUJATAJADHAV, Line 1
Database 'DB3' does not exist. Make sure that the name is entered correctly.

2026-04-15 10:15:24 - ERROR: Msg 911, Level 16, State 1, Server SUJATAJADHAV, Line 1
Database 'DB3' does not exist. Make sure that the name is entered correctly.

2026-04-15 10:31:32 - ===== START: DB3 =====
2026-04-15 10:31:32 - Processing Folder: 01_Tables
2026-04-15 10:31:32 - Executing 00_dbo.DatabaseLog.Table.sql...
2026-04-15 10:31:33 - Msg 911, Level 16, State 1, Server SUJATAJADHAV, Line 1
Database 'DB3' does not exist. Make sure that the name is entered correctly.

2026-04-15 10:31:33 - ERROR: Msg 911, Level 16, State 1, Server SUJATAJADHAV, Line 1
Database 'DB3' does not exist. Make sure that the name is entered correctly.

2026-04-15 10:35:26 - ===== START: DB3 =====
2026-04-15 10:35:26 - Processing Folder: 01_Tables
2026-04-15 10:35:26 - Executing 00_dbo.DatabaseLog.Table.sql...
2026-04-15 10:35:26 - Msg 911, Level 16, State 1, Server SUJATAJADHAV, Line 1
Database 'DB3' does not exist. Make sure that the name is entered correctly.

2026-04-15 10:35:26 - ERROR: Msg 911, Level 16, State 1, Server SUJATAJADHAV, Line 1
Database 'DB3' does not exist. Make sure that the name is entered correctly.

2026-04-15 10:53:06 - ===== START: DB3 =====
2026-04-15 10:53:06 - Processing Folder: 01_Tables
2026-04-15 10:53:07 - Executing 00_dbo.DatabaseLog.Table.sql...
2026-04-15 10:53:07 - Msg 911, Level 16, State 1, Server SUJATAJADHAV, Line 1
Database 'DB3' does not exist. Make sure that the name is entered correctly.

2026-04-15 10:53:07 - ERROR: Msg 911, Level 16, State 1, Server SUJATAJADHAV, Line 1
Database 'DB3' does not exist. Make sure that the name is entered correctly.

2026-04-15 10:58:01 - ===== START: DB3 =====
2026-04-15 10:58:01 - Processing Folder: 01_Tables
2026-04-15 10:58:01 - Executing 00_dbo.DatabaseLog.Table.sql...
2026-04-15 10:58:02 - Msg 911, Level 16, State 1, Server SUJATAJADHAV, Line 1
Database 'DB3' does not exist. Make sure that the name is entered correctly.

2026-04-15 10:58:02 - ERROR: Msg 911, Level 16, State 1, Server SUJATAJADHAV, Line 1
Database 'DB3' does not exist. Make sure that the name is entered correctly.

2026-04-15 11:01:58 - ===== START: DB3 =====
2026-04-15 11:01:58 - Processing Folder: 01_Tables
2026-04-15 11:01:59 - Executing 00_dbo.DatabaseLog.Table.sql...
2026-04-15 11:01:59 - Msg 911, Level 16, State 1, Server SUJATAJADHAV, Line 1
Database 'DB3' does not exist. Make sure that the name is entered correctly.

2026-04-15 11:01:59 - ERROR: Msg 911, Level 16, State 1, Server SUJATAJADHAV, Line 1
Database 'DB3' does not exist. Make sure that the name is entered correctly.

2026-04-15 22:52:41 - ===== START: DB3 =====
2026-04-15 22:52:41 - Processing Folder: 01_Tables
2026-04-15 22:52:41 - Executing 00_dbo.DatabaseLog.Table.sql...
2026-04-15 22:52:41 - Msg 911, Level 16, State 1, Server SUJATAJADHAV, Line 1
Database 'DB3' does not exist. Make sure that the name is entered correctly.

2026-04-15 22:52:41 - ERROR: Msg 911, Level 16, State 1, Server SUJATAJADHAV, Line 1
Database 'DB3' does not exist. Make sure that the name is entered correctly.

2026-04-15 23:29:00 - ===== START: DB3 =====
2026-04-15 23:29:00 - Processing Folder: 01_Tables
2026-04-15 23:29:00 - Executing 00_dbo.DatabaseLog.Table.sql...
2026-04-15 23:29:00 - Execution Mode: sqlcmd (multi-batch)
2026-04-15 23:29:00 - Using sqlcmd (GO detected)
2026-04-15 23:29:00 - sqlcmd : Sqlcmd: Error: Microsoft ODBC Driver 17 for SQL Server : Login failed for user 'API'..
At line:125 char:15
+     $output = sqlcmd `
+               ~~~~~~~~
    + CategoryInfo          : NotSpecified: (Sqlcmd: Error: ...or user 'API'..:String) [], RemoteException
    + FullyQualifiedErrorId : NativeCommandError
 
Sqlcmd: Error: Microsoft ODBC Driver 17 for SQL Server : Cannot open database "DB3" requested by the login. The login 
failed..

2026-04-15 23:29:00 - ERROR: sqlcmd : Sqlcmd: Error: Microsoft ODBC Driver 17 for SQL Server : Login failed for user 'API'..
At line:125 char:15
+     $output = sqlcmd `
+               ~~~~~~~~
    + CategoryInfo          : NotSpecified: (Sqlcmd: Error: ...or user 'API'..:String) [], RemoteException
    + FullyQualifiedErrorId : NativeCommandError
 
Sqlcmd: Error: Microsoft ODBC Driver 17 for SQL Server : Cannot open database "DB3" requested by the login. The login 
failed..

2026-04-15 23:30:13 - ===== START: DB3 =====
2026-04-15 23:30:13 - Processing Folder: 01_Tables
2026-04-15 23:30:13 - Executing 00_dbo.DatabaseLog.Table.sql...
2026-04-15 23:30:13 - Execution Mode: sqlcmd (multi-batch)
2026-04-15 23:30:13 - Using sqlcmd (GO detected)
2026-04-15 23:30:14 - sqlcmd : Sqlcmd: Error: Microsoft ODBC Driver 17 for SQL Server : Login failed for user 'API'..
At line:125 char:15
+     $output = sqlcmd `
+               ~~~~~~~~
    + CategoryInfo          : NotSpecified: (Sqlcmd: Error: ...or user 'API'..:String) [], RemoteException
    + FullyQualifiedErrorId : NativeCommandError
 
Sqlcmd: Error: Microsoft ODBC Driver 17 for SQL Server : Cannot open database "DB3" requested by the login. The login 
failed..

2026-04-15 23:30:14 - ERROR: sqlcmd : Sqlcmd: Error: Microsoft ODBC Driver 17 for SQL Server : Login failed for user 'API'..
At line:125 char:15
+     $output = sqlcmd `
+               ~~~~~~~~
    + CategoryInfo          : NotSpecified: (Sqlcmd: Error: ...or user 'API'..:String) [], RemoteException
    + FullyQualifiedErrorId : NativeCommandError
 
Sqlcmd: Error: Microsoft ODBC Driver 17 for SQL Server : Cannot open database "DB3" requested by the login. The login 
failed..

2026-04-16 00:16:51 - ===== START: DB3 =====
2026-04-16 00:16:51 - Processing Folder: 01_Tables
2026-04-16 00:16:51 - Executing 00_dbo.DatabaseLog.Table.sql...
2026-04-16 00:16:52 - Execution Mode: sqlcmd (multi-batch)
2026-04-16 00:16:52 - Using sqlcmd (GO detected)
2026-04-16 00:16:52 - sqlcmd : Sqlcmd: Error: Microsoft ODBC Driver 17 for SQL Server : Login failed for user 'API'..
At line:126 char:27
+                 $output = sqlcmd `
+                           ~~~~~~~~
    + CategoryInfo          : NotSpecified: (Sqlcmd: Error: ...or user 'API'..:String) [], RemoteException
    + FullyQualifiedErrorId : NativeCommandError
 
Sqlcmd: Error: Microsoft ODBC Driver 17 for SQL Server : Cannot open database "DB3" requested by the login. The login 
failed..

2026-04-16 00:16:52 - ERROR: sqlcmd : Sqlcmd: Error: Microsoft ODBC Driver 17 for SQL Server : Login failed for user 'API'..
At line:126 char:27
+                 $output = sqlcmd `
+                           ~~~~~~~~
    + CategoryInfo          : NotSpecified: (Sqlcmd: Error: ...or user 'API'..:String) [], RemoteException
    + FullyQualifiedErrorId : NativeCommandError
 
Sqlcmd: Error: Microsoft ODBC Driver 17 for SQL Server : Cannot open database "DB3" requested by the login. The login 
failed..

2026-04-16 00:26:44 - ===== START: DB3 =====
2026-04-16 00:26:45 - Processing Folder: 01_Tables
2026-04-16 00:26:45 - Executing 00_dbo.DatabaseLog.Table.sql...
2026-04-16 00:26:45 - Execution Mode: sqlcmd (multi-batch)
2026-04-16 00:26:45 - Using sqlcmd (GO detected)
2026-04-16 00:26:45 - sqlcmd : Sqlcmd: Error: Microsoft ODBC Driver 17 for SQL Server : Login failed for user 'API'..
At line:126 char:27
+                 $output = sqlcmd `
+                           ~~~~~~~~
    + CategoryInfo          : NotSpecified: (Sqlcmd: Error: ...or user 'API'..:String) [], RemoteException
    + FullyQualifiedErrorId : NativeCommandError
 
Sqlcmd: Error: Microsoft ODBC Driver 17 for SQL Server : Cannot open database "DB3" requested by the login. The login 
failed..

2026-04-16 00:26:45 - ERROR: sqlcmd : Sqlcmd: Error: Microsoft ODBC Driver 17 for SQL Server : Login failed for user 'API'..
At line:126 char:27
+                 $output = sqlcmd `
+                           ~~~~~~~~
    + CategoryInfo          : NotSpecified: (Sqlcmd: Error: ...or user 'API'..:String) [], RemoteException
    + FullyQualifiedErrorId : NativeCommandError
 
Sqlcmd: Error: Microsoft ODBC Driver 17 for SQL Server : Cannot open database "DB3" requested by the login. The login 
failed..

2026-04-16 00:41:11 - ===== START: DB3 =====
2026-04-16 00:41:12 - Processing Folder: 01_Tables
2026-04-16 00:41:12 - Executing 00_dbo.DatabaseLog.Table.sql...
2026-04-16 00:41:12 - Execution Mode: sqlcmd (multi-batch)
2026-04-16 00:41:12 - Using sqlcmd (GO detected)
2026-04-16 00:41:12 - sqlcmd : Sqlcmd: Error: Microsoft ODBC Driver 17 for SQL Server : Login failed for user 'API'..
At line:126 char:27
+                 $output = sqlcmd `
+                           ~~~~~~~~
    + CategoryInfo          : NotSpecified: (Sqlcmd: Error: ...or user 'API'..:String) [], RemoteException
    + FullyQualifiedErrorId : NativeCommandError
 
Sqlcmd: Error: Microsoft ODBC Driver 17 for SQL Server : Cannot open database "DB3" requested by the login. The login 
failed..

2026-04-16 00:41:12 - ERROR: sqlcmd : Sqlcmd: Error: Microsoft ODBC Driver 17 for SQL Server : Login failed for user 'API'..
At line:126 char:27
+                 $output = sqlcmd `
+                           ~~~~~~~~
    + CategoryInfo          : NotSpecified: (Sqlcmd: Error: ...or user 'API'..:String) [], RemoteException
    + FullyQualifiedErrorId : NativeCommandError
 
Sqlcmd: Error: Microsoft ODBC Driver 17 for SQL Server : Cannot open database "DB3" requested by the login. The login 
failed..

2026-04-16 00:48:42 - ===== START: DB3 =====
2026-04-16 00:48:42 - Processing Folder: 01_Tables
2026-04-16 00:48:42 - Executing 00_dbo.DatabaseLog.Table.sql...
2026-04-16 00:48:42 - Execution Mode: sqlcmd (multi-batch)
2026-04-16 00:48:42 - Using sqlcmd (GO detected)
2026-04-16 00:48:42 - sqlcmd : Sqlcmd: Error: Microsoft ODBC Driver 17 for SQL Server : Login failed for user 'API'..
At line:126 char:27
+                 $output = sqlcmd `
+                           ~~~~~~~~
    + CategoryInfo          : NotSpecified: (Sqlcmd: Error: ...or user 'API'..:String) [], RemoteException
    + FullyQualifiedErrorId : NativeCommandError
 
Sqlcmd: Error: Microsoft ODBC Driver 17 for SQL Server : Cannot open database "DB3" requested by the login. The login 
failed..

2026-04-16 00:48:42 - ERROR: sqlcmd : Sqlcmd: Error: Microsoft ODBC Driver 17 for SQL Server : Login failed for user 'API'..
At line:126 char:27
+                 $output = sqlcmd `
+                           ~~~~~~~~
    + CategoryInfo          : NotSpecified: (Sqlcmd: Error: ...or user 'API'..:String) [], RemoteException
    + FullyQualifiedErrorId : NativeCommandError
 
Sqlcmd: Error: Microsoft ODBC Driver 17 for SQL Server : Cannot open database "DB3" requested by the login. The login 
failed..

