2026-04-18 23:50:49 - ===== START DB: DB4 =====
2026-04-18 23:50:50 - Checking: V1__baseline_schema.sql
2026-04-18 23:50:50 - Executing: V1__baseline_schema.sql
2026-04-18 23:50:50 - 
2026-04-18 23:50:50 - SUCCESS: V1__baseline_schema.sql (0.3409775 sec)
2026-04-18 23:50:50 - Checking: R__functions.sql
2026-04-18 23:50:50 - Executing: R__functions.sql
2026-04-18 23:50:50 - 
2026-04-18 23:50:50 - SUCCESS: R__functions.sql (0.0068686 sec)
2026-04-18 23:50:50 - Checking: R__procedures.sql
2026-04-18 23:50:50 - Executing: R__procedures.sql
2026-04-18 23:50:50 - 
2026-04-18 23:50:50 - SUCCESS: R__procedures.sql (0 sec)
2026-04-18 23:50:50 - Checking: R__triggers.sql
2026-04-18 23:50:50 - Executing: R__triggers.sql
2026-04-18 23:50:50 - 
2026-04-18 23:50:50 - SUCCESS: R__triggers.sql (0 sec)
2026-04-18 23:50:50 - Checking: R__views.sql
2026-04-18 23:50:50 - Executing: R__views.sql
2026-04-18 23:50:50 - Invalid object name 'dbo.vDMPrep'.
2026-04-18 23:50:50 - FAILED: R__views.sql
