2026-04-19 10:52:18 - ===== START DB: DB4 =====
2026-04-19 10:52:19 - Checking: V1__schemas.sql
2026-04-19 10:52:19 - Executing: V1__schemas.sql
2026-04-19 10:52:19 - Incorrect syntax near 'GOIF'.
Incorrect syntax near 'GOIF'.
Incorrect syntax near 'GOIF'.
Incorrect syntax near 'GOIF'.
Incorrect syntax near 'GOIF'.
Incorrect syntax near 'GOIF'.
Incorrect syntax near 'GOIF'.
Incorrect syntax near 'GOIF'.
Incorrect syntax near 'GOIF'.
Incorrect syntax near 'GOIF'.
Incorrect syntax near 'GOIF'.
Incorrect syntax near 'GOIF'.
Incorrect syntax near 'GOIF'.
Incorrect syntax near 'GOIF'.
Incorrect syntax near 'GOIF'.
Incorrect syntax near 'GOIF'.
Incorrect syntax near 'GOIF'.
Incorrect syntax near 'GOIF'.
Incorrect syntax near 'GOIF'.
Incorrect syntax near 'GOIF'.
Incorrect syntax near 'GOIF'.
Incorrect syntax near 'GOIF'.
Incorrect syntax near 'GOIF'.
Incorrect syntax near 'GOIF'.
Incorrect syntax near 'GOIF'.
Incorrect syntax near 'GOIF'.
Incorrect syntax near 'GOIF'.
Incorrect syntax near 'GOIF'.
Incorrect syntax near 'GOIF'.
Incorrect syntax near 'GOIF'.
Incorrect syntax near 'GOIF'.
Incorrect syntax near 'GOIF'.
Incorrect syntax near 'GOIF'.
Incorrect syntax near 'GOIF'.
Incorrect syntax near 'GOIF'.
Incorrect syntax near 'GOIF'.
Incorrect syntax near 'GOIF'.
Incorrect syntax near 'GOIF'.
Incorrect syntax near 'GOIF'.
Incorrect syntax near 'GOIF'.
Incorrect syntax near 'GOIF'.
Incorrect syntax near 'GOIF'.
Incorrect syntax near 'GOIF'.
Incorrect syntax near 'GOIF'.
Incorrect syntax near 'GOIF'.
Incorrect syntax near 'GOIF'.
Incorrect syntax near 'GOIF'.
Incorrect syntax near 'GOIF'.
Incorrect syntax near 'GOIF'.
Incorrect syntax near 'GOIF'.
Incorrect syntax near 'GOIF'.
Incorrect syntax near 'GOIF'.
Incorrect syntax near 'GOIF'.
Incorrect syntax near 'GOIF'.
Incorrect syntax near 'GOIF'.
Incorrect syntax near 'GOIF'.
Incorrect syntax near 'GOIF'.
Incorrect syntax near 'GOIF'.
Incorrect syntax near 'GOIF'.
Incorrect syntax near 'GOIF'.
2026-04-19 10:52:19 - FAILED: V1__schemas.sql
