2026-04-19 19:18:57 - ===== START DB: DB4 =====
2026-04-19 19:18:57 - Checking: V1__schemas.sql
2026-04-19 19:18:57 - Executing: V1__schemas.sql
2026-04-19 19:18:57 - Incorrect syntax near 'GOIF'.
Incorrect syntax near 'GOIF'.
Incorrect syntax near 'GOIF'.
Incorrect syntax near 'GOIF'.
Incorrect syntax near 'GOIF'.
Incorrect syntax near 'GOIF'.
Incorrect syntax near 'GOIF'.
Incorrect syntax near 'GOIF'.
Incorrect syntax near 'GOIF'.
Incorrect syntax near 'GOIF'.
Incorrect syntax near 'GOIF'.
Incorrect syntax near 'GOIF'.
Incorrect syntax near 'GOIF'.
Incorrect syntax near 'GOIF'.
Incorrect syntax near 'GOIF'.
Incorrect syntax near 'GOIF'.
Incorrect syntax near 'GOIF'.
Incorrect syntax near 'GOIF'.
Incorrect syntax near 'GOIF'.
Incorrect syntax near 'GOIF'.
Incorrect syntax near 'GOIF'.
Incorrect syntax near 'GOIF'.
Incorrect syntax near 'GOIF'.
Incorrect syntax near 'GOIF'.
Incorrect syntax near 'GOIF'.
Incorrect syntax near 'GOIF'.
Incorrect syntax near 'GOIF'.
Incorrect syntax near 'GOIF'.
Incorrect syntax near 'GOIF'.
Incorrect syntax near 'GOIF'.
Incorrect syntax near 'GOIF'.
Incorrect syntax near 'GOIF'.
Incorrect syntax near 'GOIF'.
Incorrect syntax near 'GOIF'.
Incorrect syntax near 'GOIF'.
Incorrect syntax near 'GOIF'.
Incorrect syntax near 'GOIF'.
Incorrect syntax near 'GOIF'.
Incorrect syntax near 'GOIF'.
Incorrect syntax near 'GOIF'.
Incorrect syntax near 'GOIF'.
Incorrect syntax near 'GOIF'.
Incorrect syntax near 'GOIF'.
Incorrect syntax near 'GOIF'.
Incorrect syntax near 'GOIF'.
Incorrect syntax near 'GOIF'.
Incorrect syntax near 'GOIF'.
Incorrect syntax near 'GOIF'.
Incorrect syntax near 'GOIF'.
Incorrect syntax near 'GOIF'.
Incorrect syntax near 'GOIF'.
Incorrect syntax near 'GOIF'.
Incorrect syntax near 'GOIF'.
Incorrect syntax near 'GOIF'.
Incorrect syntax near 'GOIF'.
Incorrect syntax near 'GOIF'.
Incorrect syntax near 'GOIF'.
Incorrect syntax near 'GOIF'.
Incorrect syntax near 'GOIF'.
Incorrect syntax near 'GOIF'.
Incorrect syntax near 'GOIF'.
Incorrect syntax near 'GOIF'.
Incorrect syntax near 'GOIF'.
Incorrect syntax near 'GOIF'.
Incorrect syntax near 'GOIF'.
Incorrect syntax near 'GOIF'.
Incorrect syntax near 'GOIF'.
Incorrect syntax near 'GOIF'.
Incorrect syntax near 'GOIF'.
Incorrect syntax near 'GOIF'.
Incorrect syntax near 'GOIF'.
Incorrect syntax near 'GOIF'.
Incorrect syntax near 'GOIF'.
Incorrect syntax near 'GOIF'.
Incorrect syntax near 'GOIF'.
Incorrect syntax near 'GOIF'.
Incorrect syntax near 'GOIF'.
Incorrect syntax near 'GOIF'.
Incorrect syntax near 'GOIF'.
Incorrect syntax near 'GOIF'.
Incorrect syntax near 'GOIF'.
Incorrect syntax near 'GOIF'.
Incorrect syntax near 'GOIF'.
Incorrect syntax near 'GOIF'.
Incorrect syntax near 'GOIF'.
Incorrect syntax near 'GOIF'.
Incorrect syntax near 'GOIF'.
Incorrect syntax near 'GOIF'.
Incorrect syntax near 'GOIF'.
Incorrect syntax near 'GOIF'.
Incorrect syntax near 'GOIF'.
Incorrect syntax near 'GOIF'.
Incorrect syntax near 'GOIF'.
Incorrect syntax near 'GOIF'.
Incorrect syntax near 'GOIF'.
Incorrect syntax near 'GOIF'.
Incorrect syntax near 'GOIF'.
Incorrect syntax near 'GOIF'.
Incorrect syntax near 'GOIF'.
Incorrect syntax near 'GOIF'.
Incorrect syntax near 'GOIF'.
Incorrect syntax near 'GOIF'.
Incorrect syntax near 'GOIF'.
Incorrect syntax near 'GOIF'.
Incorrect syntax near 'GOIF'.
Incorrect syntax near 'GOIF'.
Incorrect syntax near 'GOIF'.
Incorrect syntax near 'GOIF'.
Incorrect syntax near 'GOIF'.
Incorrect syntax near 'GOIF'.
Incorrect syntax near 'GOIF'.
Incorrect syntax near 'GOIF'.
Incorrect syntax near 'GOIF'.
Incorrect syntax near 'GOIF'.
Incorrect syntax near 'GOIF'.
Incorrect syntax near 'GOIF'.
Incorrect syntax near 'GOIF'.
Incorrect syntax near 'GOIF'.
Incorrect syntax near 'GOIF'.
Incorrect syntax near 'GOIF'.
Incorrect syntax near 'GOIF'.
Incorrect syntax near 'GOIF'.
Incorrect syntax near 'GOIF'.
Incorrect syntax near 'GOIF'.
Incorrect syntax near 'GOIF'.
Incorrect syntax near 'GOIF'.
Incorrect syntax near 'GOIF'.
Incorrect syntax near 'GOIF'.
Incorrect syntax near 'GOIF'.
Incorrect syntax near 'GOIF'.
Incorrect syntax near 'GOIF'.
Incorrect syntax near 'GOIF'.
Incorrect syntax near 'GOIF'.
Incorrect syntax near 'GOIF'.
Incorrect syntax near 'GOIF'.
Incorrect syntax near 'GOIF'.
Incorrect syntax near 'GOIF'.
Incorrect syntax near 'GOIF'.
Incorrect syntax near 'GOIF'.
Incorrect syntax near 'GOIF'.
Incorrect syntax near 'GOIF'.
Incorrect syntax near 'GOIF'.
Incorrect syntax near 'GOIF'.
Incorrect syntax near 'GOIF'.
Incorrect syntax near 'GOIF'.
Incorrect syntax near 'GOIF'.
Incorrect syntax near 'GOIF'.
Incorrect syntax near 'GOIF'.
Incorrect syntax near 'GOIF'.
Incorrect syntax near 'GOIF'.
Incorrect syntax near 'GOIF'.
Incorrect syntax near 'GOIF'.
Incorrect syntax near 'GOIF'.
Incorrect syntax near 'GOIF'.
Incorrect syntax near 'GOIF'.
Incorrect syntax near 'GOIF'.
Incorrect syntax near 'GOIF'.
Incorrect syntax near 'GOIF'.
Incorrect syntax near 'GOIF'.
Incorrect syntax near 'GOIF'.
Incorrect syntax near 'GOIF'.
Incorrect syntax near 'GOIF'.
Incorrect syntax near 'GOIF'.
Incorrect syntax near 'GOIF'.
Incorrect syntax near 'GOIF'.
Incorrect syntax near 'GOIF'.
Incorrect syntax near 'GOIF'.
Incorrect syntax near 'GOIF'.
Incorrect syntax near 'GOIF'.
Incorrect syntax near 'GOIF'.
Incorrect syntax near 'GOIF'.
Incorrect syntax near 'GOIF'.
Incorrect syntax near 'GOIF'.
Incorrect syntax near 'GOIF'.
Incorrect syntax near 'GOIF'.
Incorrect syntax near 'GOIF'.
Incorrect syntax near 'GOIF'.
Incorrect syntax near 'GOIF'.
Incorrect syntax near 'GOIF'.
Incorrect syntax near 'GOIF'.
Incorrect syntax near 'GOIF'.
Incorrect syntax near 'GOIF'.
Incorrect syntax near 'GOIF'.
Incorrect syntax near 'GOIF'.
Incorrect syntax near 'GOIF'.
Incorrect syntax near 'GOIF'.
Incorrect syntax near 'GOIF'.
Incorrect syntax near 'GOIF'.
Incorrect syntax near 'GOIF'.
Incorrect syntax near 'GOIF'.
Incorrect syntax near 'GOIF'.
Incorrect syntax near 'GOIF'.
Incorrect syntax near 'GOIF'.
Incorrect syntax near 'GOIF'.
Incorrect syntax near 'GOIF'.
Incorrect syntax near 'GOIF'.
Incorrect syntax near 'GOIF'.
Incorrect syntax near 'GOIF'.
Incorrect syntax near 'GOIF'.
Incorrect syntax near 'GOIF'.
Incorrect syntax near 'GOIF'.
Incorrect syntax near 'GOIF'.
Incorrect syntax near 'GOIF'.
Incorrect syntax near 'GOIF'.
Incorrect syntax near 'GOIF'.
Incorrect syntax near 'GOIF'.
Incorrect syntax near 'GOIF'.
Incorrect syntax near 'GOIF'.
Incorrect syntax near 'GOIF'.
Incorrect syntax near 'GOIF'.
Incorrect syntax near 'GOIF'.
Incorrect syntax near 'GOIF'.
Incorrect syntax near 'GOIF'.
Incorrect syntax near 'GOIF'.
Incorrect syntax near 'GOIF'.
Incorrect syntax near 'GOIF'.
Incorrect syntax near 'GOIF'.
Incorrect syntax near 'GOIF'.
Incorrect syntax near 'GOIF'.
Incorrect syntax near 'GOIF'.
Incorrect syntax near 'GOIF'.
Incorrect syntax near 'GOIF'.
Incorrect syntax near 'GOIF'.
Incorrect syntax near 'GOIF'.
Incorrect syntax near 'GOIF'.
Incorrect syntax near 'GOIF'.
Incorrect syntax near 'GOIF'.
Incorrect syntax near 'GOIF'.
Incorrect syntax near 'GOIF'.
Incorrect syntax near 'GOIF'.
Incorrect syntax near 'GOIF'.
Incorrect syntax near 'GOIF'.
Incorrect syntax near 'GOIF'.
Incorrect syntax near 'GOIF'.
Incorrect syntax near 'GOIF'.
Incorrect syntax near 'GOIF'.
Incorrect syntax near 'GOIF'.
Incorrect syntax near 'GOIF'.
Incorrect syntax near 'GOIF'.
Incorrect syntax near 'GOIF'.
Incorrect syntax near 'GOIF'.
Incorrect syntax near 'GOIF'.
Incorrect syntax near 'GOIF'.
Incorrect syntax near 'GOIF'.
Incorrect syntax near 'GOIF'.
Incorrect syntax near 'GOIF'.
Incorrect syntax near 'GOIF'.
Incorrect syntax near 'GOIF'.
Incorrect syntax near 'GOIF'.
Incorrect syntax near 'GOIF'.
Incorrect syntax near 'GOIF'.
Incorrect syntax near 'GOIF'.
Incorrect syntax near 'GOIF'.
Incorrect syntax near 'GOIF'.
Incorrect syntax near 'GOIF'.
Incorrect syntax near 'GOIF'.
Incorrect syntax near 'GOIF'.
Incorrect syntax near 'GOIF'.
Incorrect syntax near 'GOIF'.
Incorrect syntax near 'GOIF'.
Incorrect syntax near 'GOIF'.
Incorrect syntax near 'GOIF'.
Incorrect syntax near 'GOIF'.
Incorrect syntax near 'GOIF'.
Incorrect syntax near 'GOIF'.
Incorrect syntax near 'GOIF'.
Incorrect syntax near 'GOIF'.
Incorrect syntax near 'GOIF'.
Incorrect syntax near 'GOIF'.
Incorrect syntax near 'GOIF'.
Incorrect syntax near 'GOIF'.
Incorrect syntax near 'GOIF'.
Incorrect syntax near 'GOIF'.
Incorrect syntax near 'GOIF'.
Incorrect syntax near 'GOIF'.
Incorrect syntax near 'GOIF'.
Incorrect syntax near 'GOIF'.
Incorrect syntax near 'GOIF'.
Incorrect syntax near 'GOIF'.
Incorrect syntax near 'GOIF'.
Incorrect syntax near 'GOIF'.
Incorrect syntax near 'GOIF'.
Incorrect syntax near 'GOIF'.
Incorrect syntax near 'GOIF'.
Incorrect syntax near 'GOIF'.
Incorrect syntax near 'GOIF'.
Incorrect syntax near 'GOIF'.
Incorrect syntax near 'GOIF'.
Incorrect syntax near 'GOIF'.
Incorrect syntax near 'GOIF'.
Incorrect syntax near 'GOIF'.
Incorrect syntax near 'GOIF'.
Incorrect syntax near 'GOIF'.
Incorrect syntax near 'GOIF'.
Incorrect syntax near 'GOIF'.
Incorrect syntax near 'GOIF'.
Incorrect syntax near 'GOIF'.
Incorrect syntax near 'GOIF'.
Incorrect syntax near 'GOIF'.
Incorrect syntax near 'GOIF'.
Incorrect syntax near 'GOIF'.
Incorrect syntax near 'GOIF'.
Incorrect syntax near 'GOIF'.
Incorrect syntax near 'GOIF'.
Incorrect syntax near 'GOIF'.
Incorrect syntax near 'GOIF'.
Incorrect syntax near 'GOIF'.
Incorrect syntax near 'GOIF'.
Incorrect syntax near 'GOIF'.
Incorrect syntax near 'GOIF'.
Incorrect syntax near 'GOIF'.
Incorrect syntax near 'GOIF'.
Incorrect syntax near 'GOIF'.
Incorrect syntax near 'GOIF'.
Incorrect syntax near 'GOIF'.
Incorrect syntax near 'GOIF'.
Incorrect syntax near 'GOIF'.
Incorrect syntax near 'GOIF'.
Incorrect syntax near 'GOIF'.
Incorrect syntax near 'GOIF'.
Incorrect syntax near 'GOIF'.
Incorrect syntax near 'GOIF'.
Incorrect syntax near 'GOIF'.
Incorrect syntax near 'GOIF'.
Incorrect syntax near 'GOIF'.
Incorrect syntax near 'GOIF'.
Incorrect syntax near 'GOIF'.
Incorrect syntax near 'GOIF'.
Incorrect syntax near 'GOIF'.
Incorrect syntax near 'GOIF'.
Incorrect syntax near 'GOIF'.
Incorrect syntax near 'GOIF'.
Incorrect syntax near 'GOIF'.
Incorrect syntax near 'GOIF'.
Incorrect syntax near 'GOIF'.
Some part of your SQL statement is nested too deeply. Rewrite the query or break it up into smaller queries.
2026-04-19 19:18:58 - FAILED: V1__schemas.sql
