2026-04-18 23:30:37 - ===== START DB: DB4 =====
2026-04-18 23:30:37 - Checking: V1__baseline_schema.sql
2026-04-18 23:30:37 - Executing: V1__baseline_schema.sql
2026-04-18 23:30:37 - 
2026-04-18 23:30:37 - SUCCESS: V1__baseline_schema.sql (0.3737227 sec)
2026-04-18 23:30:37 - Checking: R__functions.sql
2026-04-18 23:30:37 - Executing: R__functions.sql
2026-04-18 23:30:37 - 
2026-04-18 23:30:37 - SUCCESS: R__functions.sql (0.0082206 sec)
2026-04-18 23:30:37 - Checking: R__procedures.sql
2026-04-18 23:30:37 - Executing: R__procedures.sql
2026-04-18 23:30:37 - 
2026-04-18 23:30:38 - SUCCESS: R__procedures.sql (0 sec)
2026-04-18 23:30:38 - Checking: R__triggers.sql
2026-04-18 23:30:38 - Executing: R__triggers.sql
2026-04-18 23:30:38 - 
2026-04-18 23:30:38 - SUCCESS: R__triggers.sql (0.0074193 sec)
2026-04-18 23:30:38 - Checking: R__views.sql
2026-04-18 23:30:38 - Executing: R__views.sql
2026-04-18 23:30:38 - Invalid object name 'dbo.vDMPrep'.
2026-04-18 23:30:38 - FAILED: R__views.sql
